{"contracts/TellerV2.sol":{"l":{"72":20,"73":4,"76":16,"80":36,"81":4,"84":32,"89":1,"99":18,"100":18,"101":18,"102":18,"103":18,"104":18,"105":18,"106":18,"109":18,"112":18,"115":18,"124":5,"126":5,"127":1,"135":4,"138":4,"147":11,"150":11,"153":11,"156":11,"159":11,"162":11,"171":4,"174":4,"177":4,"178":1,"181":3,"184":3,"185":1,"186":1,"187":1,"189":2,"192":3,"195":3,"196":3,"206":11,"224":2,"225":2,"226":1,"228":1,"238":0,"239":0,"249":15,"252":15,"266":11,"267":11,"270":11,"272":11,"275":11,"276":11,"279":11},"path":"/home/passa/Documents/projects/Teller/v2-pilot/packages/hardhat-ts/contracts/TellerV2.sol","s":{"1":20,"2":36,"3":1,"4":18,"5":18,"6":18,"7":18,"8":18,"9":18,"10":18,"11":18,"12":18,"13":18,"14":5,"15":5,"16":4,"17":4,"18":11,"19":11,"20":11,"21":11,"22":11,"23":11,"24":4,"25":4,"26":4,"27":3,"28":3,"29":1,"30":1,"31":1,"32":2,"33":3,"34":3,"35":3,"36":11,"37":2,"38":2,"39":1,"40":1,"41":0,"42":0,"43":15,"44":15,"45":11,"46":11,"47":11,"48":11,"49":11,"50":11,"51":11},"b":{"1":[4,16],"2":[4,32],"3":[1,4],"4":[1,3],"5":[1,2],"6":[1,1]},"f":{"1":20,"2":36,"3":1,"4":18,"5":5,"6":11,"7":4,"8":11,"9":2,"10":0,"11":15,"12":11},"fnMap":{"1":{"name":"pendingBid","line":71,"loc":{"start":{"line":71,"column":4},"end":{"line":77,"column":4}}},"2":{"name":"acceptedLoan","line":79,"loc":{"start":{"line":79,"column":4},"end":{"line":85,"column":4}}},"3":{"name":"initialize","line":88,"loc":{"start":{"line":88,"column":4},"end":{"line":90,"column":4}}},"4":{"name":"submitBid","line":93,"loc":{"start":{"line":93,"column":4},"end":{"line":116,"column":4}}},"5":{"name":"cancelBid","line":121,"loc":{"start":{"line":119,"column":4},"end":{"line":139,"column":4}}},"6":{"name":"lenderAcceptBid","line":144,"loc":{"start":{"line":142,"column":4},"end":{"line":163,"column":4}}},"7":{"name":"repayLoan","line":168,"loc":{"start":{"line":166,"column":4},"end":{"line":197,"column":4}}},"8":{"name":"calculateAmountOwed","line":203,"loc":{"start":{"line":200,"column":4},"end":{"line":215,"column":4}}},"9":{"name":"calculateNextDueDate","line":221,"loc":{"start":{"line":218,"column":4},"end":{"line":230,"column":4}}},"10":{"name":"isPaymentLate","line":235,"loc":{"start":{"line":232,"column":4},"end":{"line":240,"column":4}}},"11":{"name":"lastRepaidTimestamp","line":246,"loc":{"start":{"line":243,"column":4},"end":{"line":253,"column":4}}},"12":{"name":"calculateAmountOwed","line":257,"loc":{"start":{"line":257,"column":4},"end":{"line":280,"column":4}}}},"statementMap":{"1":{"start":{"line":72,"column":8},"end":{"line":72,"column":1844}},"2":{"start":{"line":80,"column":8},"end":{"line":80,"column":2071}},"3":{"start":{"line":89,"column":8},"end":{"line":89,"column":42}},"4":{"start":{"line":99,"column":8},"end":{"line":99,"column":37}},"5":{"start":{"line":100,"column":8},"end":{"line":100,"column":32}},"6":{"start":{"line":101,"column":8},"end":{"line":101,"column":46}},"7":{"start":{"line":102,"column":8},"end":{"line":102,"column":46}},"8":{"start":{"line":103,"column":8},"end":{"line":103,"column":37}},"9":{"start":{"line":104,"column":8},"end":{"line":104,"column":35}},"10":{"start":{"line":105,"column":8},"end":{"line":105,"column":33}},"11":{"start":{"line":106,"column":8},"end":{"line":106,"column":21}},"12":{"start":{"line":109,"column":8},"end":{"line":109,"column":58}},"13":{"start":{"line":112,"column":8},"end":{"line":112,"column":43}},"14":{"start":{"line":124,"column":8},"end":{"line":124,"column":38}},"15":{"start":{"line":126,"column":8},"end":{"line":126,"column":3398}},"16":{"start":{"line":135,"column":8},"end":{"line":135,"column":37}},"17":{"start":{"line":138,"column":8},"end":{"line":138,"column":33}},"18":{"start":{"line":147,"column":8},"end":{"line":147,"column":38}},"19":{"start":{"line":150,"column":8},"end":{"line":150,"column":58}},"20":{"start":{"line":153,"column":8},"end":{"line":153,"column":36}},"21":{"start":{"line":156,"column":8},"end":{"line":156,"column":30}},"22":{"start":{"line":159,"column":8},"end":{"line":159,"column":73}},"23":{"start":{"line":162,"column":8},"end":{"line":162,"column":44}},"24":{"start":{"line":171,"column":8},"end":{"line":171,"column":38}},"25":{"start":{"line":174,"column":8},"end":{"line":174,"column":78}},"26":{"start":{"line":177,"column":8},"end":{"line":177,"column":4927}},"27":{"start":{"line":181,"column":8},"end":{"line":181,"column":63}},"28":{"start":{"line":184,"column":8},"end":{"line":184,"column":5172}},"29":{"start":{"line":185,"column":12},"end":{"line":185,"column":33}},"30":{"start":{"line":186,"column":12},"end":{"line":186,"column":36}},"31":{"start":{"line":187,"column":12},"end":{"line":187,"column":35}},"32":{"start":{"line":189,"column":12},"end":{"line":189,"column":63}},"33":{"start":{"line":192,"column":8},"end":{"line":192,"column":64}},"34":{"start":{"line":195,"column":8},"end":{"line":195,"column":36}},"35":{"start":{"line":196,"column":8},"end":{"line":196,"column":61}},"36":{"start":{"line":206,"column":8},"end":{"line":206,"column":5903}},"37":{"start":{"line":224,"column":8},"end":{"line":224,"column":65}},"38":{"start":{"line":225,"column":8},"end":{"line":225,"column":6507}},"39":{"start":{"line":226,"column":12},"end":{"line":226,"column":62}},"40":{"start":{"line":228,"column":12},"end":{"line":228,"column":47}},"41":{"start":{"line":238,"column":8},"end":{"line":238,"column":54}},"42":{"start":{"line":239,"column":8},"end":{"line":239,"column":40}},"43":{"start":{"line":249,"column":8},"end":{"line":249,"column":56}},"44":{"start":{"line":252,"column":8},"end":{"line":252,"column":69}},"45":{"start":{"line":266,"column":8},"end":{"line":266,"column":58}},"46":{"start":{"line":267,"column":8},"end":{"line":267,"column":73}},"47":{"start":{"line":270,"column":8},"end":{"line":270,"column":43}},"48":{"start":{"line":272,"column":8},"end":{"line":272,"column":7925}},"49":{"start":{"line":275,"column":8},"end":{"line":275,"column":68}},"50":{"start":{"line":276,"column":8},"end":{"line":276,"column":56}},"51":{"start":{"line":279,"column":8},"end":{"line":279,"column":59}}},"branchMap":{"1":{"line":72,"type":"if","locations":[{"start":{"line":72,"column":8},"end":{"line":72,"column":8}},{"start":{"line":72,"column":8},"end":{"line":72,"column":8}}]},"2":{"line":80,"type":"if","locations":[{"start":{"line":80,"column":8},"end":{"line":80,"column":8}},{"start":{"line":80,"column":8},"end":{"line":80,"column":8}}]},"3":{"line":126,"type":"if","locations":[{"start":{"line":126,"column":8},"end":{"line":126,"column":8}},{"start":{"line":126,"column":8},"end":{"line":126,"column":8}}]},"4":{"line":177,"type":"if","locations":[{"start":{"line":177,"column":8},"end":{"line":177,"column":8}},{"start":{"line":177,"column":8},"end":{"line":177,"column":8}}]},"5":{"line":184,"type":"if","locations":[{"start":{"line":184,"column":8},"end":{"line":184,"column":8}},{"start":{"line":184,"column":8},"end":{"line":184,"column":8}}]},"6":{"line":225,"type":"if","locations":[{"start":{"line":225,"column":8},"end":{"line":225,"column":8}},{"start":{"line":225,"column":8},"end":{"line":225,"column":8}}]}}}}