TN:
SF:contracts/CollateralManager.sol
FN:78,CollateralManager.initialize
FNDA:0,CollateralManager.initialize
DA:82,0
DA:83,0
DA:84,0
FN:91,CollateralManager.setCollateralEscrowBeacon
FNDA:0,CollateralManager.setCollateralEscrowBeacon
DA:95,0
FN:103,CollateralManager.isBidCollateralBacked
FNDA:0,CollateralManager.isBidCollateralBacked
DA:104,1
FN:113,CollateralManager.commitCollateral
FNDA:1,CollateralManager.commitCollateral
DA:117,1
DA:118,1
DA:119,1
BRDA:119,0,0,-
BRDA:119,0,1,1
DA:120,1
DA:121,1
DA:122,1
FN:133,CollateralManager.commitCollateral
FNDA:0,CollateralManager.commitCollateral
DA:137,0
DA:138,0
DA:139,0
BRDA:139,1,0,-
BRDA:139,1,1,-
DA:140,0
FN:149,CollateralManager.revalidateCollateral
FNDA:0,CollateralManager.revalidateCollateral
DA:153,0
DA:154,0
DA:155,0
FN:163,CollateralManager.checkBalances
FNDA:0,CollateralManager.checkBalances
DA:167,1
FN:174,CollateralManager.deployAndDeposit
FNDA:1,CollateralManager.deployAndDeposit
DA:175,1
BRDA:175,2,0,-
BRDA:175,2,1,1
DA:176,1
DA:177,1
DA:180,1
DA:181,2
DA:182,1
DA:184,1
DA:192,1
FN:201,CollateralManager.getEscrow
FNDA:0,CollateralManager.getEscrow
DA:202,0
FN:210,CollateralManager.getCollateralInfo
FNDA:0,CollateralManager.getCollateralInfo
DA:215,0
DA:216,0
DA:219,0
DA:220,0
DA:221,0
FN:231,CollateralManager.getCollateralAmount
FNDA:0,CollateralManager.getCollateralAmount
DA:236,0
FN:245,CollateralManager.withdraw
FNDA:1,CollateralManager.withdraw
DA:246,1
DA:247,1
BRDA:247,3,0,-
BRDA:247,3,1,1
DA:248,1
DA:249,0
BRDA:249,4,0,-
BRDA:249,4,1,-
DA:250,0
DA:251,0
DA:253,0
FN:263,CollateralManager.liquidateCollateral
FNDA:0,CollateralManager.liquidateCollateral
DA:267,0
BRDA:267,5,0,-
BRDA:267,5,1,-
DA:268,0
DA:269,0
BRDA:269,6,0,-
BRDA:269,6,1,-
DA:273,0
FN:283,CollateralManager._deployEscrow
FNDA:2,CollateralManager._deployEscrow
DA:287,2
DA:289,2
DA:290,2
BRDA:290,7,0,-
BRDA:290,7,1,1
DA:291,1
BRDA:291,8,0,-
BRDA:291,8,1,1
DA:293,1
DA:300,1
FN:304,CollateralManager._deposit
FNDA:0,CollateralManager._deposit
DA:308,1
BRDA:308,9,0,-
BRDA:308,9,1,1
DA:309,1
DA:310,1
DA:314,1
BRDA:314,10,0,-
BRDA:314,10,1,1
DA:315,1
DA:320,1
DA:324,1
DA:328,0
BRDA:328,11,0,-
BRDA:328,11,1,-
DA:329,0
DA:334,0
DA:338,0
DA:344,0
BRDA:344,12,0,-
BRDA:344,12,1,-
DA:345,0
DA:346,0
DA:354,0
DA:356,0
DA:363,1
FN:377,CollateralManager._withdraw
FNDA:1,CollateralManager._withdraw
DA:379,1
DA:380,2
DA:381,1
DA:384,1
DA:389,1
DA:394,1
FN:410,CollateralManager._commitCollateral
FNDA:1,CollateralManager._commitCollateral
DA:414,1
DA:415,1
DA:416,1
DA:419,1
FN:433,CollateralManager._checkBalances
FNDA:1,CollateralManager._checkBalances
DA:438,1
DA:439,1
DA:440,1
DA:441,1
DA:445,1
DA:446,1
BRDA:446,13,0,-
BRDA:446,13,1,-
DA:447,0
DA:448,0
BRDA:448,14,0,-
BRDA:448,14,1,-
DA:449,0
FN:461,CollateralManager._checkBalance
FNDA:1,CollateralManager._checkBalance
DA:465,1
DA:466,1
BRDA:466,15,0,-
BRDA:466,15,1,1
DA:467,1
DA:473,0
BRDA:473,16,0,-
BRDA:473,16,1,-
DA:474,0
DA:480,0
BRDA:480,17,0,-
BRDA:480,17,1,-
DA:481,0
DA:486,0
FN:491,CollateralManager.onERC721Received
FNDA:0,CollateralManager.onERC721Received
DA:496,0
FN:502,CollateralManager.onERC1155Received
FNDA:0,CollateralManager.onERC1155Received
DA:509,0
FN:517,CollateralManager.onERC1155BatchReceived
FNDA:0,CollateralManager.onERC1155BatchReceived
DA:524,0
BRDA:524,18,0,-
BRDA:524,18,1,-
DA:528,0
FNF:22
FNH:8
LF:99
LH:52
BRF:38
BRH:8
end_of_record
TN:
SF:contracts/EAS/TellerAS.sol
FN:77,TellerAS.getASRegistry
FNDA:0,TellerAS.getASRegistry
DA:78,0
FN:84,TellerAS.getEIP712Verifier
FNDA:0,TellerAS.getEIP712Verifier
DA:90,0
FN:96,TellerAS.getAttestationsCount
FNDA:0,TellerAS.getAttestationsCount
DA:97,0
FN:103,TellerAS.attest
FNDA:1,TellerAS.attest
DA:110,1
FN:124,TellerAS.attestByDelegation
FNDA:0,TellerAS.attestByDelegation
DA:135,0
DA:147,0
FN:154,TellerAS.revoke
FNDA:0,TellerAS.revoke
DA:155,0
FN:161,TellerAS.revokeByDelegation
FNDA:0,TellerAS.revokeByDelegation
DA:168,0
DA:170,0
FN:176,TellerAS.getAttestation
FNDA:0,TellerAS.getAttestation
DA:182,0
FN:188,TellerAS.isAttestationValid
FNDA:0,TellerAS.isAttestationValid
DA:194,0
FN:200,TellerAS.isAttestationActive
FNDA:0,TellerAS.isAttestationActive
DA:207,0
FN:216,TellerAS.getReceivedAttestationUUIDs
FNDA:0,TellerAS.getReceivedAttestationUUIDs
DA:223,0
FN:235,TellerAS.getReceivedAttestationUUIDsCount
FNDA:0,TellerAS.getReceivedAttestationUUIDsCount
DA:241,0
FN:247,TellerAS.getSentAttestationUUIDs
FNDA:0,TellerAS.getSentAttestationUUIDs
DA:254,0
FN:266,TellerAS.getSentAttestationUUIDsCount
FNDA:0,TellerAS.getSentAttestationUUIDsCount
DA:272,0
FN:278,TellerAS.getRelatedAttestationUUIDs
FNDA:0,TellerAS.getRelatedAttestationUUIDs
DA:284,0
FN:296,TellerAS.getRelatedAttestationUUIDsCount
FNDA:0,TellerAS.getRelatedAttestationUUIDsCount
DA:302,0
FN:308,TellerAS.getSchemaAttestationUUIDs
FNDA:0,TellerAS.getSchemaAttestationUUIDs
DA:314,0
FN:326,TellerAS.getSchemaAttestationUUIDsCount
FNDA:0,TellerAS.getSchemaAttestationUUIDsCount
DA:332,0
FN:347,TellerAS._attest
FNDA:1,TellerAS._attest
DA:355,1
BRDA:355,0,0,-
BRDA:355,0,1,1
DA:356,0
DA:359,1
DA:360,1
BRDA:360,1,0,-
BRDA:360,1,1,1
DA:361,0
DA:364,1
DA:365,1
BRDA:365,2,0,-
BRDA:365,2,1,1
DA:366,1
BRDA:366,3,0,-
BRDA:366,3,1,1
DA:367,0
DA:371,1
BRDA:370,4,0,-
BRDA:370,4,1,1
DA:379,0
DA:383,1
DA:395,1
DA:396,1
DA:398,1
DA:399,1
DA:400,1
DA:402,1
DA:403,1
DA:405,1
BRDA:405,5,0,-
BRDA:405,5,1,-
DA:406,0
BRDA:406,6,0,-
BRDA:406,6,1,-
DA:407,0
DA:410,0
DA:413,1
DA:415,1
FN:418,TellerAS.getLastUUID
FNDA:0,TellerAS.getLastUUID
DA:419,0
FN:428,TellerAS._revoke
FNDA:0,TellerAS._revoke
DA:429,0
DA:430,0
BRDA:430,7,0,-
BRDA:430,7,1,-
DA:431,0
DA:434,0
BRDA:434,8,0,-
BRDA:434,8,1,-
DA:435,0
DA:438,0
BRDA:438,9,0,-
BRDA:438,9,1,-
DA:439,0
DA:442,0
DA:444,0
FN:454,TellerAS._getUUID
FNDA:1,TellerAS._getUUID
DA:459,1
FN:484,TellerAS._sliceUUIDs
FNDA:0,TellerAS._sliceUUIDs
DA:490,0
DA:491,0
BRDA:491,10,0,-
BRDA:491,10,1,-
DA:492,0
DA:495,0
BRDA:495,11,0,-
BRDA:495,11,1,-
DA:496,0
DA:499,0
DA:500,0
BRDA:500,12,0,-
BRDA:500,12,1,-
DA:501,0
DA:504,0
DA:506,0
DA:507,0
DA:512,0
FNF:23
FNH:3
LF:68
LH:20
BRF:26
BRH:5
end_of_record
TN:
SF:contracts/EAS/TellerASEIP712Verifier.sol
FN:56,TellerASEIP712Verifier.getNonce
FNDA:0,TellerASEIP712Verifier.getNonce
DA:62,0
FN:68,TellerASEIP712Verifier.attest
FNDA:0,TellerASEIP712Verifier.attest
DA:79,0
DA:97,0
DA:98,0
BRDA:98,0,0,-
BRDA:98,0,1,-
DA:99,0
FN:106,TellerASEIP712Verifier.revoke
FNDA:0,TellerASEIP712Verifier.revoke
DA:113,0
DA:123,0
DA:124,0
BRDA:124,1,0,-
BRDA:124,1,1,-
DA:125,0
FNF:3
FNH:0
LF:9
LH:0
BRF:4
BRH:0
end_of_record
TN:
SF:contracts/EAS/TellerASRegistry.sol
FN:25,TellerASRegistry.register
FNDA:0,TellerASRegistry.register
DA:30,0
DA:32,0
DA:39,0
DA:40,0
BRDA:40,0,0,-
BRDA:40,0,1,-
DA:41,0
DA:44,0
DA:45,0
DA:47,0
DA:49,0
FN:55,TellerASRegistry.getAS
FNDA:1,TellerASRegistry.getAS
DA:61,1
FN:67,TellerASRegistry.getASCount
FNDA:0,TellerASRegistry.getASCount
DA:68,0
FN:78,TellerASRegistry._getUUID
FNDA:0,TellerASRegistry._getUUID
DA:79,0
FNF:4
FNH:1
LF:12
LH:1
BRF:2
BRH:0
end_of_record
TN:
SF:contracts/EAS/TellerASResolver.sol
FN:12,TellerASResolver.isPayable
FNDA:0,TellerASResolver.isPayable
DA:13,0
FNF:1
FNH:0
LF:1
LH:0
BRF:0
BRH:0
end_of_record
TN:
SF:contracts/ERC2771ContextUpgradeable.sol
FN:25,ERC2771ContextUpgradeable.isTrustedForwarder
FNDA:0,ERC2771ContextUpgradeable.isTrustedForwarder
DA:31,40
FN:34,ERC2771ContextUpgradeable._msgSender
FNDA:40,ERC2771ContextUpgradeable._msgSender
DA:41,40
BRDA:41,0,0,-
BRDA:41,0,1,40
DA:44,0
DA:47,40
FN:51,ERC2771ContextUpgradeable._msgData
FNDA:0,ERC2771ContextUpgradeable._msgData
DA:58,0
BRDA:58,1,0,-
BRDA:58,1,1,-
DA:59,0
DA:61,0
FNF:3
FNH:1
LF:7
LH:3
BRF:4
BRH:1
end_of_record
TN:
SF:contracts/LenderCommitmentForwarder.sol
FN:137,LenderCommitmentForwarder.validateCommitment
FNDA:5,LenderCommitmentForwarder.validateCommitment
DA:138,5
BRDA:138,0,0,1
BRDA:138,0,1,4
DA:142,4
BRDA:142,1,0,1
BRDA:142,1,1,3
DA:147,3
BRDA:147,2,0,-
BRDA:147,2,1,-
DA:148,0
BRDA:148,3,0,-
BRDA:148,3,1,-
DA:154,0
BRDA:153,4,0,-
BRDA:153,4,1,-
DA:157,0
BRDA:157,5,0,-
BRDA:157,5,1,-
FN:177,LenderCommitmentForwarder.createCommitment
FNDA:4,LenderCommitmentForwarder.createCommitment
DA:181,4
DA:183,4
BRDA:183,6,0,1
BRDA:183,6,1,3
DA:188,3
DA:190,3
DA:192,1
DA:194,1
FN:208,LenderCommitmentForwarder.updateCommitment
FNDA:2,LenderCommitmentForwarder.updateCommitment
DA:212,1
BRDA:212,7,0,-
BRDA:212,7,1,1
DA:217,1
BRDA:217,8,0,-
BRDA:217,8,1,1
DA:222,1
DA:224,1
DA:226,1
FN:240,LenderCommitmentForwarder.updateCommitmentBorrowers
FNDA:0,LenderCommitmentForwarder.updateCommitmentBorrowers
DA:244,0
DA:245,0
FN:253,LenderCommitmentForwarder._addBorrowersToCommitmentAllowlist
FNDA:1,LenderCommitmentForwarder._addBorrowersToCommitmentAllowlist
DA:257,1
DA:258,0
DA:260,1
FN:267,LenderCommitmentForwarder.deleteCommitment
FNDA:1,LenderCommitmentForwarder.deleteCommitment
DA:271,1
DA:272,1
DA:273,1
FN:281,LenderCommitmentForwarder._decrementCommitment
FNDA:1,LenderCommitmentForwarder._decrementCommitment
DA:285,1
FN:300,LenderCommitmentForwarder.acceptCommitment
FNDA:1,LenderCommitmentForwarder.acceptCommitment
DA:309,1
DA:311,1
DA:313,1
DA:315,1
BRDA:315,9,0,-
BRDA:315,9,1,1
DA:319,1
BRDA:319,10,0,-
BRDA:319,10,1,1
DA:323,1
BRDA:323,11,0,-
BRDA:323,11,1,1
DA:328,1
BRDA:328,12,0,-
BRDA:328,12,1,1
DA:334,1
BRDA:334,13,0,-
BRDA:334,13,1,1
DA:335,0
DA:341,1
DA:348,1
BRDA:348,14,0,-
BRDA:348,14,1,1
DA:349,0
DA:356,1
BRDA:355,15,0,-
BRDA:355,15,1,-
DA:360,0
BRDA:360,16,0,-
BRDA:360,16,1,-
DA:367,1
BRDA:366,17,0,-
BRDA:366,17,1,-
DA:370,0
BRDA:370,18,0,-
BRDA:370,18,1,-
DA:376,1
DA:389,1
DA:391,1
DA:393,1
FN:409,LenderCommitmentForwarder.getRequiredCollateral
FNDA:0,LenderCommitmentForwarder.getRequiredCollateral
DA:416,1
BRDA:416,19,0,1
BRDA:416,19,1,-
DA:417,1
DA:420,0
DA:421,0
DA:425,0
BRDA:425,20,0,-
BRDA:425,20,1,-
DA:426,0
DA:435,0
FN:449,LenderCommitmentForwarder.getCommitmentBorrowers
FNDA:0,LenderCommitmentForwarder.getCommitmentBorrowers
DA:454,0
FN:470,LenderCommitmentForwarder._submitBidFromCommitment
FNDA:1,LenderCommitmentForwarder._submitBidFromCommitment
DA:482,1
DA:483,1
DA:484,1
DA:485,1
DA:486,1
DA:487,1
DA:489,1
DA:490,1
BRDA:490,21,0,-
BRDA:490,21,1,-
DA:491,0
DA:492,0
DA:500,1
FN:511,LenderCommitmentForwarder._getEscrowCollateralType
FNDA:0,LenderCommitmentForwarder._getEscrowCollateralType
DA:516,0
BRDA:516,22,0,-
BRDA:516,22,1,-
DA:517,0
DA:520,0
BRDA:519,23,0,-
BRDA:519,23,1,-
DA:523,0
DA:526,0
BRDA:525,24,0,-
BRDA:525,24,1,-
DA:529,0
DA:532,0
FNF:12
FNH:8
LF:72
LH:47
BRF:50
BRH:15
end_of_record
TN:
SF:contracts/LenderManager.sol
FN:26,LenderManager.initialize
FNDA:0,LenderManager.initialize
DA:27,0
FN:30,LenderManager.__LenderManager_init
FNDA:0,LenderManager.__LenderManager_init
DA:31,0
DA:32,0
FN:40,LenderManager.registerLoan
FNDA:1,LenderManager.registerLoan
DA:45,1
FN:52,LenderManager._getLoanMarketId
FNDA:0,LenderManager._getLoanMarketId
DA:53,0
FN:61,LenderManager._hasMarketVerification
FNDA:0,LenderManager._hasMarketVerification
DA:67,0
DA:69,0
FN:74,LenderManager._beforeTokenTransfer
FNDA:5,LenderManager._beforeTokenTransfer
DA:78,5
BRDA:78,0,0,1
BRDA:78,0,1,4
FN:81,LenderManager._baseURI
FNDA:0,LenderManager._baseURI
DA:82,0
FNF:7
FNH:2
LF:9
LH:2
BRF:2
BRH:2
end_of_record
TN:
SF:contracts/MarketLiquidityRewards.sol
FN:98,MarketLiquidityRewards.initialize
FNDA:0,MarketLiquidityRewards.initialize
FN:105,MarketLiquidityRewards.allocateRewards
FNDA:1,MarketLiquidityRewards.allocateRewards
DA:110,1
DA:112,1
BRDA:112,0,0,-
BRDA:112,0,1,1
DA:117,1
DA:123,1
DA:125,1
FN:140,MarketLiquidityRewards.updateAllocation
FNDA:0,MarketLiquidityRewards.updateAllocation
DA:147,0
DA:149,0
BRDA:149,1,0,-
BRDA:149,1,1,-
DA:154,0
DA:156,0
DA:157,0
DA:158,0
DA:160,0
FN:168,MarketLiquidityRewards.increaseAllocationAmount
FNDA:1,MarketLiquidityRewards.increaseAllocationAmount
DA:172,1
DA:174,1
DA:176,1
FN:184,MarketLiquidityRewards.deallocateRewards
FNDA:1,MarketLiquidityRewards.deallocateRewards
DA:188,1
BRDA:188,2,0,-
BRDA:188,2,1,1
DA:193,1
BRDA:193,3,0,-
BRDA:193,3,1,1
DA:194,0
DA:198,1
DA:200,1
DA:203,1
BRDA:203,4,0,1
BRDA:203,4,1,-
DA:204,1
DA:206,1
DA:208,0
FN:217,MarketLiquidityRewards.claimRewards
FNDA:1,MarketLiquidityRewards.claimRewards
DA:221,1
DA:225,1
BRDA:225,5,0,-
BRDA:225,5,1,1
DA:229,1
DA:231,1
DA:239,1
DA:241,1
DA:245,1
DA:251,1
BRDA:251,6,0,-
BRDA:251,6,1,1
DA:252,1
DA:256,1
DA:265,1
DA:270,1
DA:275,1
BRDA:275,7,0,-
BRDA:275,7,1,1
DA:280,1
DA:284,1
DA:291,1
DA:297,1
DA:300,1
DA:303,1
FN:319,MarketLiquidityRewards._verifyAndReturnRewardRecipient
FNDA:2,MarketLiquidityRewards._verifyAndReturnRewardRecipient
DA:325,2
BRDA:325,8,0,1
BRDA:325,8,1,1
DA:326,2
BRDA:326,9,0,1
BRDA:326,9,1,1
DA:328,1
DA:329,0
BRDA:329,10,0,-
BRDA:329,10,1,-
DA:331,0
BRDA:331,11,0,-
BRDA:331,11,1,-
DA:336,0
DA:338,0
FN:347,MarketLiquidityRewards._decrementAllocatedAmount
FNDA:3,MarketLiquidityRewards._decrementAllocatedAmount
DA:350,3
FN:360,MarketLiquidityRewards._calculateRewardAmount
FNDA:3,MarketLiquidityRewards._calculateRewardAmount
DA:365,3
FN:381,MarketLiquidityRewards._verifyCollateralAmount
FNDA:0,MarketLiquidityRewards._verifyCollateralAmount
DA:388,0
DA:392,0
DA:396,0
DA:403,0
BRDA:403,12,0,-
BRDA:403,12,1,-
FN:416,MarketLiquidityRewards._requiredCollateralAmount
FNDA:1,MarketLiquidityRewards._requiredCollateralAmount
DA:422,1
FN:436,MarketLiquidityRewards._verifyLoanStartTime
FNDA:2,MarketLiquidityRewards._verifyLoanStartTime
DA:441,2
BRDA:441,13,0,1
BRDA:441,13,1,1
DA:445,1
BRDA:445,14,0,1
BRDA:445,14,1,-
FN:456,MarketLiquidityRewards._verifyExpectedTokenAddress
FNDA:1,MarketLiquidityRewards._verifyExpectedTokenAddress
DA:460,1
BRDA:460,15,0,1
BRDA:460,15,1,-
FNF:13
FNH:10
LF:60
LH:43
BRF:32
BRH:15
end_of_record
TN:
SF:contracts/MarketRegistry.sol
FN:106,MarketRegistry.initialize
FNDA:0,MarketRegistry.initialize
DA:107,0
DA:109,0
DA:113,0
FN:132,MarketRegistry.createMarket
FNDA:3,MarketRegistry.createMarket
DA:144,3
FN:170,MarketRegistry.createMarket
FNDA:2,MarketRegistry.createMarket
DA:180,2
FN:207,MarketRegistry._createMarket
FNDA:5,MarketRegistry._createMarket
DA:219,5
BRDA:219,0,0,-
BRDA:219,0,1,5
DA:221,5
DA:224,5
DA:227,5
DA:240,4
FN:248,MarketRegistry.closeMarket
FNDA:1,MarketRegistry.closeMarket
DA:249,1
BRDA:249,1,0,1
BRDA:249,1,1,1
DA:250,1
DA:252,1
FN:260,MarketRegistry.isMarketClosed
FNDA:4,MarketRegistry.isMarketClosed
DA:266,4
FN:273,MarketRegistry.attestLender
FNDA:1,MarketRegistry.attestLender
DA:278,1
FN:285,MarketRegistry.attestLender
FNDA:1,MarketRegistry.attestLender
DA:293,1
FN:308,MarketRegistry.revokeLender
FNDA:1,MarketRegistry.revokeLender
DA:309,1
FN:316,MarketRegistry.revokeLender
FNDA:1,MarketRegistry.revokeLender
DA:323,1
FN:337,MarketRegistry.lenderExitMarket
FNDA:1,MarketRegistry.lenderExitMarket
DA:339,1
DA:342,1
BRDA:342,2,0,1
BRDA:342,2,1,1
DA:343,1
FN:351,MarketRegistry.attestBorrower
FNDA:1,MarketRegistry.attestBorrower
DA:356,1
FN:363,MarketRegistry.attestBorrower
FNDA:1,MarketRegistry.attestBorrower
DA:371,1
FN:386,MarketRegistry.revokeBorrower
FNDA:1,MarketRegistry.revokeBorrower
DA:389,1
FN:396,MarketRegistry.revokeBorrower
FNDA:1,MarketRegistry.revokeBorrower
DA:403,1
FN:417,MarketRegistry.borrowerExitMarket
FNDA:1,MarketRegistry.borrowerExitMarket
DA:419,1
DA:422,1
BRDA:422,3,0,1
BRDA:422,3,1,1
DA:423,1
FN:437,MarketRegistry.resolve
FNDA:1,MarketRegistry.resolve
DA:444,1
DA:447,1
DA:451,1
FN:466,MarketRegistry.transferMarketOwnership
FNDA:2,MarketRegistry.transferMarketOwnership
DA:470,1
DA:471,1
FN:487,MarketRegistry.updateMarketSettings
FNDA:0,MarketRegistry.updateMarketSettings
DA:499,0
FN:521,MarketRegistry.setMarketFeeRecipient
FNDA:1,MarketRegistry.setMarketFeeRecipient
DA:525,1
DA:526,1
FN:537,MarketRegistry.setMarketURI
FNDA:1,MarketRegistry.setMarketURI
DA:543,6
BRDA:542,4,0,6
BRDA:542,4,1,6
DA:546,6
DA:548,6
FN:559,MarketRegistry.setPaymentCycle
FNDA:3,MarketRegistry.setPaymentCycle
DA:564,8
BRDA:564,5,0,2
BRDA:564,5,1,6
DA:570,6
DA:571,6
DA:575,6
BRDA:574,6,0,-
BRDA:574,6,1,6
DA:578,6
DA:579,6
DA:581,6
FN:591,MarketRegistry.setPaymentDefaultDuration
FNDA:1,MarketRegistry.setPaymentDefaultDuration
DA:595,6
BRDA:595,7,0,6
BRDA:595,7,1,6
DA:596,6
DA:598,6
FN:602,MarketRegistry.setBidExpirationTime
FNDA:1,MarketRegistry.setBidExpirationTime
DA:606,6
BRDA:606,8,0,6
BRDA:606,8,1,6
DA:607,6
DA:609,6
FN:621,MarketRegistry.setMarketFeePercent
FNDA:1,MarketRegistry.setMarketFeePercent
DA:625,6
BRDA:625,9,0,-
BRDA:625,9,1,6
DA:626,6
BRDA:626,10,0,6
BRDA:626,10,1,6
DA:627,6
DA:628,6
FN:637,MarketRegistry.setMarketPaymentType
FNDA:2,MarketRegistry.setMarketPaymentType
DA:641,7
BRDA:641,11,0,-
BRDA:641,11,1,1
DA:642,1
DA:643,1
FN:655,MarketRegistry.setLenderAttestationRequired
FNDA:4,MarketRegistry.setLenderAttestationRequired
DA:659,9
BRDA:659,12,0,3
BRDA:659,12,1,9
DA:660,3
DA:661,3
FN:673,MarketRegistry.setBorrowerAttestationRequired
FNDA:1,MarketRegistry.setBorrowerAttestationRequired
DA:677,6
BRDA:677,13,0,1
BRDA:677,13,1,6
DA:678,1
DA:679,1
FN:687,MarketRegistry.getMarketData
FNDA:1,MarketRegistry.getMarketData
DA:700,1
FN:715,MarketRegistry.getMarketAttestationRequirements
FNDA:2,MarketRegistry.getMarketAttestationRequirements
DA:723,2
FN:734,MarketRegistry.getMarketOwner
FNDA:0,MarketRegistry.getMarketOwner
DA:741,0
FN:750,MarketRegistry._getMarketOwner
FNDA:2,MarketRegistry._getMarketOwner
DA:756,2
FN:764,MarketRegistry.getMarketFeeRecipient
FNDA:2,MarketRegistry.getMarketFeeRecipient
DA:770,2
DA:772,2
BRDA:772,14,0,1
BRDA:772,14,1,1
DA:773,1
DA:776,1
FN:784,MarketRegistry.getMarketURI
FNDA:1,MarketRegistry.getMarketURI
DA:790,1
FN:799,MarketRegistry.getPaymentCycle
FNDA:5,MarketRegistry.getPaymentCycle
DA:805,5
FN:816,MarketRegistry.getPaymentDefaultDuration
FNDA:2,MarketRegistry.getPaymentDefaultDuration
DA:822,2
FN:830,MarketRegistry.getPaymentType
FNDA:3,MarketRegistry.getPaymentType
DA:836,3
FN:839,MarketRegistry.getBidExpirationTime
FNDA:2,MarketRegistry.getBidExpirationTime
DA:845,2
FN:853,MarketRegistry.getMarketplaceFee
FNDA:2,MarketRegistry.getMarketplaceFee
DA:859,2
FN:869,MarketRegistry.isVerifiedLender
FNDA:2,MarketRegistry.isVerifiedLender
DA:875,2
FN:891,MarketRegistry.isVerifiedBorrower
FNDA:2,MarketRegistry.isVerifiedBorrower
DA:897,2
FN:913,MarketRegistry.getAllVerifiedLendersForMarket
FNDA:0,MarketRegistry.getAllVerifiedLendersForMarket
DA:918,0
DA:921,0
FN:931,MarketRegistry.getAllVerifiedBorrowersForMarket
FNDA:0,MarketRegistry.getAllVerifiedBorrowersForMarket
DA:936,0
DA:938,0
FN:951,MarketRegistry._setMarketSettings
FNDA:5,MarketRegistry._setMarketSettings
DA:963,5
DA:964,5
DA:965,5
DA:966,5
DA:967,5
DA:968,5
DA:969,5
DA:970,5
FN:980,MarketRegistry._getStakeholdersForMarket
FNDA:0,MarketRegistry._getStakeholdersForMarket
DA:985,0
DA:987,0
DA:988,0
BRDA:988,15,0,-
BRDA:988,15,1,-
DA:989,0
DA:991,0
BRDA:991,16,0,-
BRDA:991,16,1,-
DA:992,0
DA:995,0
DA:996,0
DA:997,0
FN:1012,MarketRegistry._attestStakeholder
FNDA:2,MarketRegistry._attestStakeholder
DA:1024,2
BRDA:1024,17,0,1
BRDA:1024,17,1,1
DA:1030,1
DA:1037,1
FN:1056,MarketRegistry._attestStakeholderViaDelegation
FNDA:0,MarketRegistry._attestStakeholderViaDelegation
DA:1071,0
DA:1073,0
DA:1074,0
DA:1076,0
DA:1088,0
FN:1103,MarketRegistry._attestStakeholderVerification
FNDA:3,MarketRegistry._attestStakeholderVerification
DA:1109,3
BRDA:1109,18,0,2
BRDA:1109,18,1,1
DA:1111,2
DA:1115,2
DA:1119,2
DA:1122,1
DA:1126,1
DA:1130,1
FN:1141,MarketRegistry._revokeStakeholder
FNDA:2,MarketRegistry._revokeStakeholder
DA:1146,2
BRDA:1146,19,0,1
BRDA:1146,19,1,1
DA:1151,1
FN:1169,MarketRegistry._revokeStakeholderViaDelegation
FNDA:2,MarketRegistry._revokeStakeholderViaDelegation
DA:1177,2
FN:1194,MarketRegistry._revokeStakeholderVerification
FNDA:1,MarketRegistry._revokeStakeholderVerification
DA:1199,1
BRDA:1199,20,0,1
BRDA:1199,20,1,-
DA:1200,1
DA:1204,1
DA:1208,1
DA:1210,0
DA:1214,0
DA:1218,0
FN:1228,MarketRegistry._isVerified
FNDA:5,MarketRegistry._isVerified
DA:1234,5
BRDA:1234,21,0,-
BRDA:1234,21,1,1
DA:1235,2
DA:1240,2
DA:1242,3
FNF:52
FNH:45
LF:131
LH:105
BRF:44
BRH:34
end_of_record
TN:
SF:contracts/MetaForwarder.sol
FN:7,MetaForwarder.initialize
FNDA:0,MetaForwarder.initialize
DA:8,0
FNF:1
FNH:0
LF:1
LH:0
BRF:0
BRH:0
end_of_record
TN:
SF:contracts/ProtocolFee.sol
FN:21,ProtocolFee.__ProtocolFee_init
FNDA:6,ProtocolFee.__ProtocolFee_init
DA:22,6
DA:23,6
FN:26,ProtocolFee.__ProtocolFee_init_unchained
FNDA:6,ProtocolFee.__ProtocolFee_init_unchained
DA:30,6
FN:36,ProtocolFee.protocolFee
FNDA:4,ProtocolFee.protocolFee
DA:37,5
FN:44,ProtocolFee.setProtocolFee
FNDA:4,ProtocolFee.setProtocolFee
DA:46,9
BRDA:46,0,0,8
BRDA:46,0,1,9
DA:48,8
DA:49,8
DA:50,8
FNF:4
FNH:4
LF:8
LH:8
BRF:2
BRH:2
end_of_record
TN:
SF:contracts/ProtocolFeeMock.sol
FN:9,ProtocolFeeMock.initialize
FNDA:0,ProtocolFeeMock.initialize
DA:10,0
FN:13,ProtocolFeeMock.setProtocolFee
FNDA:0,ProtocolFeeMock.setProtocolFee
DA:14,0
DA:16,0
DA:18,0
DA:22,0
BRDA:22,0,0,-
BRDA:22,0,1,-
DA:23,0
FNF:2
FNH:0
LF:6
LH:0
BRF:2
BRH:0
end_of_record
TN:
SF:contracts/ReputationManager.sol
FN:37,ReputationManager.initialize
FNDA:0,ReputationManager.initialize
DA:38,0
FN:41,ReputationManager.getDelinquentLoanIds
FNDA:0,ReputationManager.getDelinquentLoanIds
DA:46,0
DA:47,0
FN:50,ReputationManager.getDefaultedLoanIds
FNDA:0,ReputationManager.getDefaultedLoanIds
DA:55,0
DA:56,0
FN:59,ReputationManager.getCurrentDelinquentLoanIds
FNDA:0,ReputationManager.getCurrentDelinquentLoanIds
DA:64,0
DA:65,0
FN:68,ReputationManager.getCurrentDefaultLoanIds
FNDA:0,ReputationManager.getCurrentDefaultLoanIds
DA:73,0
DA:74,0
FN:77,ReputationManager.updateAccountReputation
FNDA:0,ReputationManager.updateAccountReputation
DA:78,0
DA:81,0
DA:82,0
FN:86,ReputationManager.updateAccountReputation
FNDA:1,ReputationManager.updateAccountReputation
DA:91,1
FN:94,ReputationManager._applyReputation
FNDA:1,ReputationManager._applyReputation
DA:98,0
DA:100,1
BRDA:100,0,0,-
BRDA:100,0,1,1
DA:101,0
DA:104,0
DA:105,1
BRDA:105,1,0,-
BRDA:105,1,1,1
DA:106,0
DA:110,1
BRDA:110,2,0,-
BRDA:110,2,1,1
DA:111,0
FN:115,ReputationManager._addMark
FNDA:0,ReputationManager._addMark
DA:118,0
BRDA:118,3,0,-
BRDA:118,3,1,-
DA:119,0
DA:120,0
DA:121,0
BRDA:121,4,0,-
BRDA:121,4,1,-
DA:122,0
DA:123,0
DA:126,0
FN:129,ReputationManager._removeMark
FNDA:0,ReputationManager._removeMark
DA:132,0
BRDA:132,5,0,-
BRDA:132,5,1,-
DA:133,0
DA:134,0
BRDA:134,6,0,-
BRDA:134,6,1,-
DA:135,0
DA:138,0
FNF:10
FNH:2
LF:33
LH:4
BRF:14
BRH:3
end_of_record
TN:
SF:contracts/TLR.sol
FN:27,TLR._maxSupply
FNDA:0,TLR._maxSupply
DA:28,0
FN:39,TLR.mint
FNDA:0,TLR.mint
DA:40,0
FN:54,TLR.burn
FNDA:0,TLR.burn
DA:55,0
FNF:3
FNH:0
LF:3
LH:0
BRF:0
BRH:0
end_of_record
TN:
SF:contracts/TellerV2.sol
FN:173,TellerV2.initialize
FNDA:0,TellerV2.initialize
DA:181,0
DA:183,0
DA:185,0
BRDA:185,0,0,-
BRDA:185,0,1,-
DA:189,0
DA:191,0
BRDA:191,1,0,-
BRDA:191,1,1,-
DA:195,0
DA:197,0
BRDA:197,2,0,-
BRDA:197,2,1,-
DA:201,0
DA:203,0
BRDA:203,3,0,-
BRDA:203,3,1,-
DA:207,0
DA:209,0
FN:212,TellerV2.setLenderManager
FNDA:0,TellerV2.setLenderManager
DA:217,0
FN:220,TellerV2._setLenderManager
FNDA:0,TellerV2._setLenderManager
DA:224,0
BRDA:224,4,0,-
BRDA:224,4,1,-
DA:228,0
FN:236,TellerV2.getMetadataURI
FNDA:0,TellerV2.getMetadataURI
DA:242,0
DA:245,0
BRDA:244,5,0,-
BRDA:244,5,1,-
DA:249,0
DA:250,0
FN:258,TellerV2.setReputationManager
FNDA:0,TellerV2.setReputationManager
DA:259,0
FN:272,TellerV2.submitBid
FNDA:0,TellerV2.submitBid
DA:281,0
FN:303,TellerV2.submitBid
FNDA:1,TellerV2.submitBid
DA:313,1
DA:323,1
DA:328,1
BRDA:328,6,0,-
BRDA:328,6,1,1
FN:334,TellerV2._submitBid
FNDA:1,TellerV2._submitBid
DA:343,1
DA:344,1
DA:348,1
BRDA:348,7,0,-
BRDA:348,7,1,1
DA:349,1
BRDA:349,8,0,-
BRDA:349,8,1,1
DA:355,1
DA:358,1
DA:359,1
DA:360,1
DA:361,1
DA:362,1
DA:363,1
DA:364,1
DA:365,1
DA:368,1
DA:371,1
DA:373,1
DA:377,1
DA:381,1
DA:383,1
DA:393,1
DA:394,1
DA:396,1
DA:404,1
DA:407,1
FN:414,TellerV2.cancelBid
FNDA:0,TellerV2.cancelBid
DA:416,0
BRDA:415,9,0,-
BRDA:415,9,1,-
DA:419,0
DA:425,0
FN:432,TellerV2.marketOwnerCancelBid
FNDA:0,TellerV2.marketOwnerCancelBid
DA:434,0
BRDA:433,10,0,-
BRDA:433,10,1,-
DA:437,0
DA:443,0
DA:444,0
FN:451,TellerV2._cancelBid
FNDA:0,TellerV2._cancelBid
DA:456,0
DA:459,0
FN:466,TellerV2.lenderAcceptBid
FNDA:1,TellerV2.lenderAcceptBid
DA:478,1
DA:480,1
DA:482,1
DA:486,1
BRDA:486,11,0,-
BRDA:486,11,1,1
DA:488,1
BRDA:488,12,0,-
BRDA:488,12,1,1
DA:493,1
BRDA:493,13,0,-
BRDA:493,13,1,1
DA:496,1
DA:497,1
DA:500,1
DA:503,1
DA:506,1
DA:509,1
DA:510,1
DA:513,1
DA:518,1
DA:525,1
DA:532,1
DA:539,1
DA:542,1
DA:547,1
DA:550,1
DA:552,1
DA:553,1
FN:556,TellerV2.claimLoanNFT
FNDA:0,TellerV2.claimLoanNFT
DA:562,0
DA:564,0
DA:565,0
BRDA:565,14,0,-
BRDA:565,14,1,-
DA:567,0
DA:569,0
FN:576,TellerV2.repayLoanMinimum
FNDA:0,TellerV2.repayLoanMinimum
DA:580,0
DA:584,0
DA:589,0
FN:601,TellerV2.repayLoanFull
FNDA:1,TellerV2.repayLoanFull
DA:605,1
DA:611,1
FN:625,TellerV2.repayLoan
FNDA:0,TellerV2.repayLoan
DA:629,0
DA:633,0
DA:638,0
DA:641,0
BRDA:641,15,0,-
BRDA:641,15,1,-
DA:642,0
DA:645,0
FN:656,TellerV2.pauseProtocol
FNDA:0,TellerV2.pauseProtocol
DA:657,0
FN:663,TellerV2.unpauseProtocol
FNDA:0,TellerV2.unpauseProtocol
DA:664,0
FN:672,TellerV2.liquidateLoanFull
FNDA:0,TellerV2.liquidateLoanFull
DA:676,0
BRDA:676,16,0,-
BRDA:676,16,1,-
DA:678,0
DA:680,0
DA:686,0
DA:693,0
DA:696,0
DA:697,0
DA:699,0
FN:708,TellerV2._repayLoan
FNDA:1,TellerV2._repayLoan
DA:714,1
DA:715,1
DA:717,1
DA:723,1
BRDA:723,17,0,-
BRDA:723,17,1,1
DA:724,1
DA:725,1
DA:728,1
DA:731,1
BRDA:731,18,0,-
BRDA:731,18,1,1
DA:732,1
DA:735,1
DA:737,0
DA:740,1
DA:743,1
DA:750,1
DA:751,1
DA:752,1
DA:755,1
BRDA:755,19,0,-
BRDA:755,19,1,-
DA:756,0
FN:764,TellerV2.calculateAmountOwed
FNDA:1,TellerV2.calculateAmountOwed
DA:769,1
BRDA:769,20,0,1
BRDA:769,20,1,1
DA:771,1
DA:777,1
DA:778,1
FN:786,TellerV2.calculateAmountOwed
FNDA:0,TellerV2.calculateAmountOwed
DA:791,0
DA:793,0
BRDA:792,21,0,-
BRDA:792,21,1,-
DA:795,0
DA:797,0
DA:799,0
DA:800,0
FN:807,TellerV2.calculateAmountDue
FNDA:0,TellerV2.calculateAmountDue
DA:812,0
BRDA:812,22,0,-
BRDA:812,22,1,-
DA:814,0
DA:820,0
DA:821,0
FN:829,TellerV2.calculateAmountDue
FNDA:0,TellerV2.calculateAmountDue
DA:834,0
DA:836,0
BRDA:835,23,0,-
BRDA:835,23,1,-
DA:838,0
DA:840,0
DA:842,0
DA:843,0
FN:850,TellerV2.calculateNextDueDate
FNDA:0,TellerV2.calculateNextDueDate
DA:855,1
DA:856,1
BRDA:856,24,0,-
BRDA:856,24,1,1
DA:858,1
DA:861,1
BRDA:861,25,0,-
BRDA:861,25,1,-
DA:863,0
DA:868,0
BRDA:867,26,0,-
BRDA:867,26,1,-
DA:871,0
DA:873,0
DA:876,0
DA:882,1
BRDA:882,27,0,-
BRDA:882,27,1,1
DA:884,1
DA:888,1
DA:890,1
BRDA:890,28,0,-
BRDA:890,28,1,1
DA:891,0
DA:894,0
DA:898,1
DA:901,1
BRDA:901,29,0,-
BRDA:901,29,1,1
DA:902,0
FN:910,TellerV2.isPaymentLate
FNDA:1,TellerV2.isPaymentLate
DA:911,1
BRDA:911,30,0,-
BRDA:911,30,1,1
DA:912,1
FN:920,TellerV2.isLoanDefaulted
FNDA:1,TellerV2.isLoanDefaulted
DA:926,1
FN:934,TellerV2.isLoanLiquidateable
FNDA:0,TellerV2.isLoanLiquidateable
DA:940,0
FN:949,TellerV2._canLiquidateLoan
FNDA:1,TellerV2._canLiquidateLoan
DA:954,1
DA:957,1
BRDA:957,31,0,-
BRDA:957,31,1,1
DA:959,1
BRDA:959,32,0,-
BRDA:959,32,1,1
DA:961,1
FN:967,TellerV2.getBidState
FNDA:1,TellerV2.getBidState
DA:973,1
FN:976,TellerV2.getBorrowerActiveLoanIds
FNDA:0,TellerV2.getBorrowerActiveLoanIds
DA:982,0
FN:985,TellerV2.getBorrowerLoanIds
FNDA:0,TellerV2.getBorrowerLoanIds
DA:990,0
FN:997,TellerV2.isLoanExpired
FNDA:0,TellerV2.isLoanExpired
DA:998,1
DA:1000,1
BRDA:1000,33,0,-
BRDA:1000,33,1,1
DA:1001,1
BRDA:1001,34,0,-
BRDA:1001,34,1,1
DA:1003,1
FN:1011,TellerV2.lastRepaidTimestamp
FNDA:0,TellerV2.lastRepaidTimestamp
DA:1012,2
FN:1020,TellerV2.getLoanBorrower
FNDA:4,TellerV2.getLoanBorrower
DA:1025,4
FN:1033,TellerV2.getLoanLender
FNDA:0,TellerV2.getLoanLender
DA:1038,1
DA:1040,1
BRDA:1040,35,0,-
BRDA:1040,35,1,-
DA:1041,0
FN:1045,TellerV2.getLoanLendingToken
FNDA:0,TellerV2.getLoanLendingToken
DA:1050,0
FN:1053,TellerV2.getLoanMarketId
FNDA:0,TellerV2.getLoanMarketId
DA:1058,0
FN:1061,TellerV2.getLoanSummary
FNDA:0,TellerV2.getLoanSummary
DA:1074,0
DA:1076,0
DA:1077,0
DA:1078,0
DA:1079,0
DA:1080,0
DA:1081,0
DA:1082,0
FN:1087,TellerV2._msgSender
FNDA:6,TellerV2._msgSender
DA:1094,6
FN:1097,TellerV2._msgData
FNDA:0,TellerV2._msgData
DA:1104,0
FNF:41
FNH:12
LF:193
LH:99
BRF:72
BRH:19
end_of_record
TN:
SF:contracts/TellerV2Autopay.sol
FN:61,TellerV2Autopay.initialize
FNDA:0,TellerV2Autopay.initialize
DA:62,0
DA:63,0
FN:70,TellerV2Autopay.setAutopayFee
FNDA:0,TellerV2Autopay.setAutopayFee
DA:71,0
FN:74,TellerV2Autopay._setAutopayFee
FNDA:0,TellerV2Autopay._setAutopayFee
DA:76,0
BRDA:76,0,0,-
BRDA:76,0,1,-
DA:77,0
DA:78,0
DA:79,0
FN:85,TellerV2Autopay.getAutopayFee
FNDA:0,TellerV2Autopay.getAutopayFee
DA:86,0
FN:94,TellerV2Autopay.setAutoPayEnabled
FNDA:0,TellerV2Autopay.setAutoPayEnabled
DA:95,0
BRDA:95,1,0,-
BRDA:95,1,1,-
DA:100,0
DA:102,0
FN:109,TellerV2Autopay.autoPayLoanMinimum
FNDA:0,TellerV2Autopay.autoPayLoanMinimum
DA:110,0
BRDA:110,2,0,-
BRDA:110,2,1,-
DA:115,0
DA:116,0
DA:118,0
DA:119,0
DA:124,0
DA:131,0
DA:134,0
DA:137,0
DA:139,0
FN:142,TellerV2Autopay.getEstimatedMinimumPayment
FNDA:0,TellerV2Autopay.getEstimatedMinimumPayment
DA:147,0
DA:149,0
FNF:7
FNH:0
LF:23
LH:0
BRF:6
BRH:0
end_of_record
TN:
SF:contracts/TellerV2Context.sol
FN:38,TellerV2Context.isTrustedMarketForwarder
FNDA:2,TellerV2Context.isTrustedMarketForwarder
DA:42,21
FN:54,TellerV2Context.hasApprovedMarketForwarder
FNDA:4,TellerV2Context.hasApprovedMarketForwarder
DA:59,4
FN:70,TellerV2Context.setTrustedMarketForwarder
FNDA:6,TellerV2Context.setTrustedMarketForwarder
DA:73,6
BRDA:73,0,0,-
BRDA:73,0,1,6
DA:77,6
DA:78,6
FN:87,TellerV2Context.approveMarketForwarder
FNDA:8,TellerV2Context.approveMarketForwarder
DA:90,8
BRDA:90,1,0,-
BRDA:90,1,1,8
DA:94,8
DA:95,8
FN:103,TellerV2Context._msgSenderForMarket
FNDA:5,TellerV2Context._msgSenderForMarket
DA:109,5
BRDA:109,2,0,-
BRDA:109,2,1,2
DA:110,2
DA:112,2
DA:115,2
BRDA:115,3,0,-
BRDA:115,3,1,2
DA:119,2
DA:122,3
FN:130,TellerV2Context._msgDataForMarket
FNDA:2,TellerV2Context._msgDataForMarket
DA:136,2
BRDA:136,4,0,2
BRDA:136,4,1,-
DA:137,2
DA:139,0
FNF:6
FNH:6
LF:17
LH:16
BRF:10
BRH:5
end_of_record
TN:
SF:contracts/TellerV2MarketForwarder.sol
FN:39,TellerV2MarketForwarder.getTellerV2
FNDA:0,TellerV2MarketForwarder.getTellerV2
DA:40,0
FN:43,TellerV2MarketForwarder.getMarketRegistry
FNDA:0,TellerV2MarketForwarder.getMarketRegistry
DA:44,0
FN:47,TellerV2MarketForwarder.getTellerV2MarketOwner
FNDA:0,TellerV2MarketForwarder.getTellerV2MarketOwner
DA:48,0
FN:60,TellerV2MarketForwarder._forwardCall
FNDA:2,TellerV2MarketForwarder._forwardCall
DA:64,2
FN:75,TellerV2MarketForwarder._submitBid
FNDA:0,TellerV2MarketForwarder._submitBid
DA:79,0
DA:81,0
DA:95,0
FN:103,TellerV2MarketForwarder._submitBidWithCollateral
FNDA:0,TellerV2MarketForwarder._submitBidWithCollateral
DA:108,0
DA:110,0
DA:125,0
FN:133,TellerV2MarketForwarder._acceptBid
FNDA:0,TellerV2MarketForwarder._acceptBid
DA:139,0
DA:144,0
FNF:7
FNH:1
LF:12
LH:1
BRF:0
BRH:0
end_of_record
TN:
SF:contracts/TellerV2Mock.sol
FN:9,TellerV2Mock.mockBid
FNDA:0,TellerV2Mock.mockBid
DA:10,0
DA:11,0
DA:12,0
FN:15,TellerV2Mock.mockAcceptedTimestamp
FNDA:0,TellerV2Mock.mockAcceptedTimestamp
DA:16,0
BRDA:16,0,0,-
BRDA:16,0,1,-
DA:17,0
FN:20,TellerV2Mock.mockAcceptedTimestamp
FNDA:0,TellerV2Mock.mockAcceptedTimestamp
DA:21,0
FN:24,TellerV2Mock.mockLastRepaidTimestamp
FNDA:0,TellerV2Mock.mockLastRepaidTimestamp
DA:27,0
BRDA:27,1,0,-
BRDA:27,1,1,-
DA:28,0
FN:31,TellerV2Mock.setVersion
FNDA:0,TellerV2Mock.setVersion
DA:32,0
FNF:5
FNH:0
LF:9
LH:0
BRF:4
BRH:0
end_of_record
TN:
SF:contracts/escrow/CollateralEscrowV1.sol
FN:32,CollateralEscrowV1.initialize
FNDA:1,CollateralEscrowV1.initialize
DA:33,1
DA:34,1
FN:37,CollateralEscrowV1.getBid
FNDA:1,CollateralEscrowV1.getBid
DA:38,1
FN:46,CollateralEscrowV1.depositToken
FNDA:1,CollateralEscrowV1.depositToken
DA:50,1
BRDA:50,0,0,-
BRDA:50,0,1,1
DA:51,1
DA:57,1
DA:58,1
DA:59,1
DA:60,1
FN:69,CollateralEscrowV1.depositAsset
FNDA:2,CollateralEscrowV1.depositAsset
DA:75,2
BRDA:75,1,0,-
BRDA:75,1,1,2
DA:76,2
DA:82,2
DA:83,2
DA:84,2
DA:85,2
DA:86,2
FN:95,CollateralEscrowV1.withdraw
FNDA:3,CollateralEscrowV1.withdraw
DA:100,3
BRDA:100,2,0,-
BRDA:100,2,1,3
DA:101,3
DA:102,3
BRDA:102,3,0,1
BRDA:102,3,1,2
DA:106,2
DA:112,2
DA:113,2
FN:116,CollateralEscrowV1._depositCollateral
FNDA:3,CollateralEscrowV1._depositCollateral
DA:123,3
BRDA:123,4,0,3
BRDA:123,4,1,-
DA:124,3
DA:132,0
BRDA:132,5,0,-
BRDA:132,5,1,-
DA:133,0
BRDA:133,6,0,-
BRDA:133,6,1,-
DA:134,0
DA:141,0
BRDA:141,7,0,-
BRDA:141,7,1,-
DA:142,0
DA:144,0
FN:154,CollateralEscrowV1._withdrawCollateral
FNDA:2,CollateralEscrowV1._withdrawCollateral
DA:161,2
BRDA:161,8,0,-
BRDA:161,8,1,2
DA:162,2
DA:168,0
BRDA:168,9,0,-
BRDA:168,9,1,-
DA:169,0
BRDA:169,10,0,-
BRDA:169,10,1,-
DA:170,0
DA:177,0
BRDA:177,11,0,-
BRDA:177,11,1,-
DA:178,0
DA:180,0
FN:192,CollateralEscrowV1.onERC721Received
FNDA:0,CollateralEscrowV1.onERC721Received
DA:197,0
FN:203,CollateralEscrowV1.onERC1155Received
FNDA:0,CollateralEscrowV1.onERC1155Received
DA:210,0
FN:218,CollateralEscrowV1.onERC1155BatchReceived
FNDA:0,CollateralEscrowV1.onERC1155BatchReceived
DA:225,0
BRDA:225,12,0,-
BRDA:225,12,1,-
DA:229,0
FNF:10
FNH:7
LF:42
LH:26
BRF:26
BRH:7
end_of_record
TN:
SF:contracts/libraries/DateTimeLib.sol
FN:56,BokkyPooBahsDateTimeLibrary._daysFromDate
FNDA:0,BokkyPooBahsDateTimeLibrary._daysFromDate
DA:61,0
BRDA:61,0,0,-
BRDA:61,0,1,-
DA:62,0
DA:63,0
DA:64,0
DA:66,0
DA:76,0
FN:96,BokkyPooBahsDateTimeLibrary._daysToDate
FNDA:0,BokkyPooBahsDateTimeLibrary._daysToDate
DA:101,0
DA:103,0
DA:104,0
DA:105,0
DA:106,0
DA:107,0
DA:108,0
DA:109,0
DA:110,0
DA:111,0
DA:112,0
DA:114,0
DA:115,0
DA:116,0
FN:119,BokkyPooBahsDateTimeLibrary.timestampFromDate
FNDA:0,BokkyPooBahsDateTimeLibrary.timestampFromDate
DA:124,0
FN:127,BokkyPooBahsDateTimeLibrary.timestampFromDateTime
FNDA:0,BokkyPooBahsDateTimeLibrary.timestampFromDateTime
DA:135,0
FN:145,BokkyPooBahsDateTimeLibrary.timestampToDate
FNDA:0,BokkyPooBahsDateTimeLibrary.timestampToDate
DA:150,0
FN:153,BokkyPooBahsDateTimeLibrary.timestampToDateTime
FNDA:0,BokkyPooBahsDateTimeLibrary.timestampToDateTime
DA:165,0
DA:166,0
DA:167,0
DA:168,0
DA:169,0
DA:170,0
FN:173,BokkyPooBahsDateTimeLibrary.isValidDate
FNDA:0,BokkyPooBahsDateTimeLibrary.isValidDate
DA:178,0
BRDA:178,1,0,-
BRDA:178,1,1,-
DA:179,0
DA:180,0
BRDA:180,2,0,-
BRDA:180,2,1,-
DA:181,0
FN:186,BokkyPooBahsDateTimeLibrary.isValidDateTime
FNDA:0,BokkyPooBahsDateTimeLibrary.isValidDateTime
DA:194,0
BRDA:194,3,0,-
BRDA:194,3,1,-
DA:195,0
BRDA:195,4,0,-
BRDA:195,4,1,-
DA:196,0
FN:201,BokkyPooBahsDateTimeLibrary.isLeapYear
FNDA:0,BokkyPooBahsDateTimeLibrary.isLeapYear
DA:202,0
DA:203,0
FN:206,BokkyPooBahsDateTimeLibrary._isLeapYear
FNDA:0,BokkyPooBahsDateTimeLibrary._isLeapYear
DA:207,0
FN:210,BokkyPooBahsDateTimeLibrary.isWeekDay
FNDA:0,BokkyPooBahsDateTimeLibrary.isWeekDay
DA:211,0
FN:214,BokkyPooBahsDateTimeLibrary.isWeekEnd
FNDA:0,BokkyPooBahsDateTimeLibrary.isWeekEnd
DA:215,0
FN:218,BokkyPooBahsDateTimeLibrary.getDaysInMonth
FNDA:0,BokkyPooBahsDateTimeLibrary.getDaysInMonth
DA:223,0
DA:224,0
FN:227,BokkyPooBahsDateTimeLibrary._getDaysInMonth
FNDA:0,BokkyPooBahsDateTimeLibrary._getDaysInMonth
DA:233,0
BRDA:232,5,0,-
BRDA:232,5,1,-
DA:241,0
DA:242,0
BRDA:242,6,0,-
BRDA:242,6,1,-
DA:243,0
DA:245,0
FN:250,BokkyPooBahsDateTimeLibrary.getDayOfWeek
FNDA:0,BokkyPooBahsDateTimeLibrary.getDayOfWeek
DA:255,0
DA:256,0
FN:259,BokkyPooBahsDateTimeLibrary.getYear
FNDA:0,BokkyPooBahsDateTimeLibrary.getYear
DA:260,0
FN:263,BokkyPooBahsDateTimeLibrary.getMonth
FNDA:0,BokkyPooBahsDateTimeLibrary.getMonth
DA:264,0
FN:267,BokkyPooBahsDateTimeLibrary.getDay
FNDA:0,BokkyPooBahsDateTimeLibrary.getDay
DA:268,0
FN:271,BokkyPooBahsDateTimeLibrary.getHour
FNDA:0,BokkyPooBahsDateTimeLibrary.getHour
DA:272,0
DA:273,0
FN:276,BokkyPooBahsDateTimeLibrary.getMinute
FNDA:0,BokkyPooBahsDateTimeLibrary.getMinute
DA:277,0
DA:278,0
FN:281,BokkyPooBahsDateTimeLibrary.getSecond
FNDA:0,BokkyPooBahsDateTimeLibrary.getSecond
DA:282,0
FN:285,BokkyPooBahsDateTimeLibrary.addYears
FNDA:0,BokkyPooBahsDateTimeLibrary.addYears
DA:290,0
DA:293,0
DA:294,0
DA:295,0
BRDA:295,7,0,-
BRDA:295,7,1,-
DA:296,0
DA:298,0
DA:302,0
BRDA:302,8,0,-
BRDA:302,8,1,-
FN:305,BokkyPooBahsDateTimeLibrary.addMonths
FNDA:0,BokkyPooBahsDateTimeLibrary.addMonths
DA:310,0
DA:313,0
DA:314,0
DA:315,0
DA:316,0
DA:317,0
BRDA:317,9,0,-
BRDA:317,9,1,-
DA:318,0
DA:320,0
DA:324,0
BRDA:324,10,0,-
BRDA:324,10,1,-
FN:327,BokkyPooBahsDateTimeLibrary.addDays
FNDA:0,BokkyPooBahsDateTimeLibrary.addDays
DA:332,0
DA:333,0
BRDA:333,11,0,-
BRDA:333,11,1,-
FN:336,BokkyPooBahsDateTimeLibrary.addHours
FNDA:0,BokkyPooBahsDateTimeLibrary.addHours
DA:341,0
DA:342,0
BRDA:342,12,0,-
BRDA:342,12,1,-
FN:345,BokkyPooBahsDateTimeLibrary.addMinutes
FNDA:0,BokkyPooBahsDateTimeLibrary.addMinutes
DA:350,0
DA:351,0
BRDA:351,13,0,-
BRDA:351,13,1,-
FN:354,BokkyPooBahsDateTimeLibrary.addSeconds
FNDA:0,BokkyPooBahsDateTimeLibrary.addSeconds
DA:359,0
DA:360,0
BRDA:360,14,0,-
BRDA:360,14,1,-
FN:363,BokkyPooBahsDateTimeLibrary.subYears
FNDA:0,BokkyPooBahsDateTimeLibrary.subYears
DA:368,0
DA:371,0
DA:372,0
DA:373,0
BRDA:373,15,0,-
BRDA:373,15,1,-
DA:374,0
DA:376,0
DA:380,0
BRDA:380,16,0,-
BRDA:380,16,1,-
FN:383,BokkyPooBahsDateTimeLibrary.subMonths
FNDA:0,BokkyPooBahsDateTimeLibrary.subMonths
DA:388,0
DA:391,0
DA:392,0
DA:393,0
DA:394,0
DA:395,0
BRDA:395,17,0,-
BRDA:395,17,1,-
DA:396,0
DA:398,0
DA:402,0
BRDA:402,18,0,-
BRDA:402,18,1,-
FN:405,BokkyPooBahsDateTimeLibrary.subDays
FNDA:0,BokkyPooBahsDateTimeLibrary.subDays
DA:410,0
DA:411,0
BRDA:411,19,0,-
BRDA:411,19,1,-
FN:414,BokkyPooBahsDateTimeLibrary.subHours
FNDA:0,BokkyPooBahsDateTimeLibrary.subHours
DA:419,0
DA:420,0
BRDA:420,20,0,-
BRDA:420,20,1,-
FN:423,BokkyPooBahsDateTimeLibrary.subMinutes
FNDA:0,BokkyPooBahsDateTimeLibrary.subMinutes
DA:428,0
DA:429,0
BRDA:429,21,0,-
BRDA:429,21,1,-
FN:432,BokkyPooBahsDateTimeLibrary.subSeconds
FNDA:0,BokkyPooBahsDateTimeLibrary.subSeconds
DA:437,0
DA:438,0
BRDA:438,22,0,-
BRDA:438,22,1,-
FN:441,BokkyPooBahsDateTimeLibrary.diffYears
FNDA:0,BokkyPooBahsDateTimeLibrary.diffYears
DA:446,0
BRDA:446,23,0,-
BRDA:446,23,1,-
DA:447,0
DA:448,0
DA:449,0
FN:452,BokkyPooBahsDateTimeLibrary.diffMonths
FNDA:0,BokkyPooBahsDateTimeLibrary.diffMonths
DA:457,0
BRDA:457,24,0,-
BRDA:457,24,1,-
DA:458,0
DA:461,0
DA:464,0
FN:467,BokkyPooBahsDateTimeLibrary.diffDays
FNDA:0,BokkyPooBahsDateTimeLibrary.diffDays
DA:472,0
BRDA:472,25,0,-
BRDA:472,25,1,-
DA:473,0
FN:476,BokkyPooBahsDateTimeLibrary.diffHours
FNDA:0,BokkyPooBahsDateTimeLibrary.diffHours
DA:481,0
BRDA:481,26,0,-
BRDA:481,26,1,-
DA:482,0
FN:485,BokkyPooBahsDateTimeLibrary.diffMinutes
FNDA:0,BokkyPooBahsDateTimeLibrary.diffMinutes
DA:490,0
BRDA:490,27,0,-
BRDA:490,27,1,-
DA:491,0
FN:494,BokkyPooBahsDateTimeLibrary.diffSeconds
FNDA:0,BokkyPooBahsDateTimeLibrary.diffSeconds
DA:499,0
BRDA:499,28,0,-
BRDA:499,28,1,-
DA:500,0
FNF:39
FNH:0
LF:122
LH:0
BRF:58
BRH:0
end_of_record
TN:
SF:contracts/libraries/NumbersLib.sol
FN:22,NumbersLib.percentFactor
FNDA:0,NumbersLib.percentFactor
DA:23,0
FN:31,NumbersLib.percent
FNDA:0,NumbersLib.percent
DA:36,0
FN:45,NumbersLib.percent
FNDA:0,NumbersLib.percent
DA:50,0
FN:58,NumbersLib.abs
FNDA:0,NumbersLib.abs
DA:59,0
FN:69,NumbersLib.ratioOf
FNDA:0,NumbersLib.ratioOf
DA:74,0
FN:84,NumbersLib.ratioOf
FNDA:0,NumbersLib.ratioOf
DA:89,0
BRDA:89,0,0,-
BRDA:89,0,1,-
DA:90,0
FN:102,NumbersLib.pmt
FNDA:0,NumbersLib.pmt
DA:109,0
BRDA:109,1,0,-
BRDA:109,1,1,-
DA:113,0
BRDA:113,2,0,-
BRDA:113,2,1,-
DA:114,0
DA:123,0
DA:125,0
DA:126,0
DA:129,0
DA:130,0
DA:131,0
DA:133,0
FNF:7
FNH:0
LF:17
LH:0
BRF:6
BRH:0
end_of_record
TN:
SF:contracts/libraries/V2Calculations.sol
FN:27,V2Calculations.lastRepaidTimestamp
FNDA:4,V2Calculations.lastRepaidTimestamp
DA:32,4
FN:44,V2Calculations.calculateAmountOwed
FNDA:2,V2Calculations.calculateAmountOwed
DA:58,2
FN:67,V2Calculations.calculateAmountOwed
FNDA:2,V2Calculations.calculateAmountOwed
DA:81,2
DA:85,2
DA:89,2
DA:90,2
DA:91,2
DA:94,2
DA:99,2
DA:103,2
BRDA:103,0,0,-
BRDA:103,0,1,-
DA:104,0
BRDA:104,1,0,-
BRDA:104,1,1,-
DA:105,0
DA:111,2
DA:116,2
DA:118,2
FN:131,V2Calculations.calculatePaymentCycleAmount
FNDA:1,V2Calculations.calculatePaymentCycleAmount
DA:139,1
DA:142,1
BRDA:142,2,0,-
BRDA:142,2,1,1
DA:143,0
DA:150,1
FNF:4
FNH:4
LF:19
LH:16
BRF:6
BRH:1
end_of_record
TN:
SF:contracts/libraries/WadRayMath.sol
FN:25,WadRayMath.ray
FNDA:0,WadRayMath.ray
DA:26,0
FN:29,WadRayMath.wad
FNDA:0,WadRayMath.wad
DA:30,0
FN:33,WadRayMath.halfRay
FNDA:0,WadRayMath.halfRay
DA:34,0
FN:37,WadRayMath.halfWad
FNDA:0,WadRayMath.halfWad
DA:38,0
FN:41,WadRayMath.wadMul
FNDA:0,WadRayMath.wadMul
DA:42,0
FN:45,WadRayMath.wadDiv
FNDA:0,WadRayMath.wadDiv
DA:46,0
DA:48,0
FN:51,WadRayMath.rayMul
FNDA:0,WadRayMath.rayMul
DA:52,0
FN:55,WadRayMath.rayDiv
FNDA:0,WadRayMath.rayDiv
DA:56,0
DA:58,0
FN:61,WadRayMath.rayToWad
FNDA:0,WadRayMath.rayToWad
DA:62,0
DA:64,0
FN:67,WadRayMath.rayToPct
FNDA:0,WadRayMath.rayToPct
DA:68,0
DA:70,0
DA:71,0
FN:74,WadRayMath.wadToPct
FNDA:0,WadRayMath.wadToPct
DA:75,0
DA:77,0
DA:78,0
FN:81,WadRayMath.wadToRay
FNDA:0,WadRayMath.wadToRay
DA:82,0
FN:85,WadRayMath.pctToRay
FNDA:0,WadRayMath.pctToRay
DA:86,0
FN:89,WadRayMath.pctToWad
FNDA:0,WadRayMath.pctToWad
DA:90,0
FN:97,WadRayMath.rayPow
FNDA:0,WadRayMath.rayPow
DA:98,0
FN:101,WadRayMath.wadPow
FNDA:0,WadRayMath.wadPow
DA:102,0
FN:105,WadRayMath._pow
FNDA:0,WadRayMath._pow
DA:111,0
DA:113,0
DA:114,0
DA:116,0
BRDA:116,0,0,-
BRDA:116,0,1,-
DA:117,0
FNF:17
FNH:0
LF:28
LH:0
BRF:2
BRH:0
end_of_record
TN:
SF:contracts/mock/CollateralManagerMock.sol
FN:8,CollateralManagerMock.commitCollateral
FNDA:0,CollateralManagerMock.commitCollateral
DA:12,0
FN:15,CollateralManagerMock.commitCollateral
FNDA:0,CollateralManagerMock.commitCollateral
DA:19,0
FN:22,CollateralManagerMock.checkBalances
FNDA:0,CollateralManagerMock.checkBalances
DA:26,0
DA:27,0
FN:34,CollateralManagerMock.deployAndDeposit
FNDA:0,CollateralManagerMock.deployAndDeposit
FN:41,CollateralManagerMock.getEscrow
FNDA:0,CollateralManagerMock.getEscrow
DA:42,0
FN:49,CollateralManagerMock.getCollateralInfo
FNDA:0,CollateralManagerMock.getCollateralInfo
DA:54,0
FN:57,CollateralManagerMock.getCollateralAmount
FNDA:2,CollateralManagerMock.getCollateralAmount
DA:62,2
FN:69,CollateralManagerMock.withdraw
FNDA:0,CollateralManagerMock.withdraw
FN:76,CollateralManagerMock.revalidateCollateral
FNDA:0,CollateralManagerMock.revalidateCollateral
DA:77,0
FN:86,CollateralManagerMock.liquidateCollateral
FNDA:0,CollateralManagerMock.liquidateCollateral
FNF:10
FNH:1
LF:8
LH:1
BRF:0
BRH:0
end_of_record
TN:
SF:contracts/mock/MarketRegistryMock.sol
FN:15,MarketRegistryMock.initialize
FNDA:0,MarketRegistryMock.initialize
FN:17,MarketRegistryMock.isVerifiedLender
FNDA:0,MarketRegistryMock.isVerifiedLender
DA:22,0
FN:25,MarketRegistryMock.isMarketClosed
FNDA:0,MarketRegistryMock.isMarketClosed
DA:26,0
FN:29,MarketRegistryMock.isVerifiedBorrower
FNDA:0,MarketRegistryMock.isVerifiedBorrower
DA:34,0
FN:37,MarketRegistryMock.getMarketOwner
FNDA:6,MarketRegistryMock.getMarketOwner
DA:38,6
FN:41,MarketRegistryMock.getMarketFeeRecipient
FNDA:0,MarketRegistryMock.getMarketFeeRecipient
DA:46,0
FN:49,MarketRegistryMock.getMarketURI
FNDA:0,MarketRegistryMock.getMarketURI
DA:54,0
FN:57,MarketRegistryMock.getPaymentCycle
FNDA:0,MarketRegistryMock.getPaymentCycle
DA:62,0
FN:65,MarketRegistryMock.getPaymentDefaultDuration
FNDA:0,MarketRegistryMock.getPaymentDefaultDuration
DA:70,0
FN:73,MarketRegistryMock.getBidExpirationTime
FNDA:0,MarketRegistryMock.getBidExpirationTime
DA:78,0
FN:81,MarketRegistryMock.getMarketplaceFee
FNDA:0,MarketRegistryMock.getMarketplaceFee
DA:82,0
FN:85,MarketRegistryMock.setMarketOwner
FNDA:0,MarketRegistryMock.setMarketOwner
DA:86,0
FN:89,MarketRegistryMock.getPaymentType
FNDA:0,MarketRegistryMock.getPaymentType
FN:95,MarketRegistryMock.createMarket
FNDA:1,MarketRegistryMock.createMarket
FN:108,MarketRegistryMock.createMarket
FNDA:0,MarketRegistryMock.createMarket
FN:119,MarketRegistryMock.closeMarket
FNDA:0,MarketRegistryMock.closeMarket
FNF:16
FNH:2
LF:11
LH:1
BRF:0
BRH:0
end_of_record
TN:
SF:contracts/mock/TellerASMock.sol
FN:22,TellerASMock.isAttestationActive
FNDA:1,TellerASMock.isAttestationActive
DA:23,1
FNF:1
FNH:1
LF:1
LH:1
BRF:0
BRH:0
end_of_record
TN:
SF:contracts/mock/TellerV2SolMock.sol
FN:15,TellerV2SolMock.setMarketRegistry
FNDA:0,TellerV2SolMock.setMarketRegistry
DA:16,0
FN:19,TellerV2SolMock.getMarketRegistry
FNDA:0,TellerV2SolMock.getMarketRegistry
DA:20,0
FN:23,TellerV2SolMock.submitBid
FNDA:2,TellerV2SolMock.submitBid
DA:32,2
DA:34,2
DA:35,2
DA:36,2
DA:37,2
DA:38,2
DA:39,2
DA:40,2
DA:41,2
DA:43,2
FN:46,TellerV2SolMock.submitBid
FNDA:0,TellerV2SolMock.submitBid
FN:57,TellerV2SolMock.repayLoanMinimum
FNDA:0,TellerV2SolMock.repayLoanMinimum
FN:59,TellerV2SolMock.repayLoanFull
FNDA:0,TellerV2SolMock.repayLoanFull
FN:61,TellerV2SolMock.repayLoan
FNDA:1,TellerV2SolMock.repayLoan
DA:62,1
DA:64,1
FN:75,TellerV2SolMock.calculateAmountDue
FNDA:0,TellerV2SolMock.calculateAmountDue
DA:80,0
BRDA:80,0,0,-
BRDA:80,0,1,-
DA:82,0
DA:88,0
DA:89,0
FN:97,TellerV2SolMock.calculateAmountDue
FNDA:0,TellerV2SolMock.calculateAmountDue
DA:102,0
DA:104,0
BRDA:103,1,0,-
BRDA:103,1,1,-
DA:106,0
DA:108,0
DA:110,0
DA:111,0
FN:114,TellerV2SolMock.lenderAcceptBid
FNDA:1,TellerV2SolMock.lenderAcceptBid
DA:122,1
DA:124,1
DA:127,1
DA:134,1
FN:137,TellerV2SolMock.getBidState
FNDA:0,TellerV2SolMock.getBidState
DA:138,0
FN:141,TellerV2SolMock.getLoanDetails
FNDA:0,TellerV2SolMock.getLoanDetails
DA:146,0
FN:149,TellerV2SolMock.getBorrowerActiveLoanIds
FNDA:0,TellerV2SolMock.getBorrowerActiveLoanIds
FN:155,TellerV2SolMock.isLoanDefaulted
FNDA:0,TellerV2SolMock.isLoanDefaulted
FN:157,TellerV2SolMock.isLoanLiquidateable
FNDA:0,TellerV2SolMock.isLoanLiquidateable
FN:159,TellerV2SolMock.isPaymentLate
FNDA:0,TellerV2SolMock.isPaymentLate
FN:161,TellerV2SolMock.getLoanBorrower
FNDA:3,TellerV2SolMock.getLoanBorrower
DA:166,3
FN:169,TellerV2SolMock.getLoanLender
FNDA:0,TellerV2SolMock.getLoanLender
DA:174,0
FN:177,TellerV2SolMock.getLoanMarketId
FNDA:0,TellerV2SolMock.getLoanMarketId
DA:182,0
FN:185,TellerV2SolMock.getLoanLendingToken
FNDA:1,TellerV2SolMock.getLoanLendingToken
DA:190,1
FN:193,TellerV2SolMock.getLoanSummary
FNDA:0,TellerV2SolMock.getLoanSummary
DA:206,0
DA:208,0
DA:209,0
DA:210,0
DA:211,0
DA:212,0
DA:213,0
DA:214,0
FN:217,TellerV2SolMock.setLastRepaidTimestamp
FNDA:0,TellerV2SolMock.setLastRepaidTimestamp
DA:218,0
FNF:22
FNH:5
LF:43
LH:18
BRF:4
BRH:0
end_of_record
TN:
SF:contracts/mock/WethMock.sol
FN:37,WethMock.deposit
FNDA:2,WethMock.deposit
DA:38,2
DA:39,2
FN:42,WethMock.withdraw
FNDA:0,WethMock.withdraw
DA:43,0
BRDA:43,0,0,-
BRDA:43,0,1,-
DA:44,0
DA:45,0
DA:46,0
FN:49,WethMock.totalSupply
FNDA:0,WethMock.totalSupply
DA:50,0
FN:53,WethMock.approve
FNDA:7,WethMock.approve
DA:54,7
DA:55,7
DA:56,7
FN:59,WethMock.transfer
FNDA:3,WethMock.transfer
DA:60,3
FN:63,WethMock.transferFrom
FNDA:7,WethMock.transferFrom
DA:67,10
BRDA:67,1,0,-
BRDA:67,1,1,10
DA:69,10
BRDA:69,2,0,-
BRDA:69,2,1,7
DA:70,7
BRDA:70,3,0,-
BRDA:70,3,1,7
DA:74,7
DA:77,10
DA:78,10
DA:80,10
DA:82,10
FNF:6
FNH:4
LF:19
LH:14
BRF:8
BRH:3
end_of_record
TN:
SF:tests/CollateralEscrow_Test.sol
FN:88,User.deposit
FNDA:2,User.deposit
DA:94,2
FN:102,User.withdraw
FNDA:2,User.withdraw
DA:107,2
FN:110,User.depositToWeth
FNDA:0,User.depositToWeth
DA:111,0
FN:114,User.approveWeth
FNDA:2,User.approveWeth
DA:115,2
FN:118,User.getBalance
FNDA:3,User.getBalance
DA:122,3
FNF:5
FNH:4
LF:5
LH:4
BRF:0
BRH:0
end_of_record
TN:
SF:tests/LenderCommitmentForwarder_Combined_Test.sol
FN:919,LenderCommitmentForwarderTest_TellerV2Mock.__setMarketOwner
FNDA:0,LenderCommitmentForwarderTest_TellerV2Mock.__setMarketOwner
DA:920,0
FN:925,LenderCommitmentForwarderTest_TellerV2Mock.getSenderForMarket
FNDA:1,LenderCommitmentForwarderTest_TellerV2Mock.getSenderForMarket
DA:930,1
FN:933,LenderCommitmentForwarderTest_TellerV2Mock.getDataForMarket
FNDA:1,LenderCommitmentForwarderTest_TellerV2Mock.getDataForMarket
DA:938,1
FN:861,LenderCommitmentUser._createCommitment
FNDA:5,LenderCommitmentUser._createCommitment
DA:865,5
FN:872,LenderCommitmentUser._updateCommitment
FNDA:3,LenderCommitmentUser._updateCommitment
DA:876,3
FN:879,LenderCommitmentUser._updateCommitmentBorrowers
FNDA:5,LenderCommitmentUser._updateCommitmentBorrowers
DA:883,5
FN:889,LenderCommitmentUser._acceptCommitment
FNDA:10,LenderCommitmentUser._acceptCommitment
DA:898,10
FN:910,LenderCommitmentUser._deleteCommitment
FNDA:2,LenderCommitmentUser._deleteCommitment
DA:911,2
FNF:8
FNH:7
LF:8
LH:7
BRF:0
BRH:0
end_of_record
TN:
SF:tests/LenderCommitmentForwarder_Override.sol
FN:36,LenderCommitmentForwarder_Override.setCommitment
FNDA:3,LenderCommitmentForwarder_Override.setCommitment
DA:42,3
FN:46,LenderCommitmentForwarder_Override.getCommitmentLender
FNDA:2,LenderCommitmentForwarder_Override.getCommitmentLender
DA:49,2
FN:52,LenderCommitmentForwarder_Override.getCommitmentMarketId
FNDA:1,LenderCommitmentForwarder_Override.getCommitmentMarketId
DA:55,1
FN:62,LenderCommitmentForwarder_Override._submitBid
FNDA:0,LenderCommitmentForwarder_Override._submitBid
DA:67,0
DA:68,0
FN:71,LenderCommitmentForwarder_Override._submitBidWithCollateral
FNDA:1,LenderCommitmentForwarder_Override._submitBidWithCollateral
DA:76,1
DA:77,1
FN:80,LenderCommitmentForwarder_Override._acceptBid
FNDA:1,LenderCommitmentForwarder_Override._acceptBid
DA:81,1
DA:85,1
FN:93,LenderCommitmentForwarderTest_TellerV2Mock.__setMarketOwner
FNDA:0,LenderCommitmentForwarderTest_TellerV2Mock.__setMarketOwner
DA:94,0
FN:99,LenderCommitmentForwarderTest_TellerV2Mock.getSenderForMarket
FNDA:0,LenderCommitmentForwarderTest_TellerV2Mock.getSenderForMarket
DA:104,0
FN:107,LenderCommitmentForwarderTest_TellerV2Mock.getDataForMarket
FNDA:0,LenderCommitmentForwarderTest_TellerV2Mock.getDataForMarket
DA:112,0
FNF:9
FNH:5
LF:12
LH:7
BRF:0
BRH:0
end_of_record
TN:
SF:tests/LenderCommitmentForwarder_Test.sol
FN:382,LenderCommitmentUser._createCommitment
FNDA:0,LenderCommitmentUser._createCommitment
DA:386,0
FN:393,LenderCommitmentUser._updateCommitment
FNDA:0,LenderCommitmentUser._updateCommitment
DA:397,0
FN:400,LenderCommitmentUser._updateCommitmentBorrowers
FNDA:0,LenderCommitmentUser._updateCommitmentBorrowers
DA:404,0
FN:410,LenderCommitmentUser._acceptCommitment
FNDA:0,LenderCommitmentUser._acceptCommitment
DA:419,0
FN:431,LenderCommitmentUser._deleteCommitment
FNDA:0,LenderCommitmentUser._deleteCommitment
DA:432,0
FN:440,LenderCommitmentForwarderTest_TellerV2Mock.__setMarketOwner
FNDA:0,LenderCommitmentForwarderTest_TellerV2Mock.__setMarketOwner
DA:441,0
FN:446,LenderCommitmentForwarderTest_TellerV2Mock.getSenderForMarket
FNDA:0,LenderCommitmentForwarderTest_TellerV2Mock.getSenderForMarket
DA:451,0
FN:454,LenderCommitmentForwarderTest_TellerV2Mock.getDataForMarket
FNDA:0,LenderCommitmentForwarderTest_TellerV2Mock.getDataForMarket
DA:459,0
FNF:8
FNH:0
LF:8
LH:0
BRF:0
BRH:0
end_of_record
TN:
SF:tests/LenderManager_Combined_Test.sol
FN:128,LenderManagerUser.transferLoan
FNDA:4,LenderManagerUser.transferLoan
DA:129,4
FN:137,LenderCommitmentTester.__setMarketOwner
FNDA:0,LenderCommitmentTester.__setMarketOwner
DA:138,0
FN:143,LenderCommitmentTester.getSenderForMarket
FNDA:0,LenderCommitmentTester.getSenderForMarket
DA:148,0
FN:151,LenderCommitmentTester.getDataForMarket
FNDA:0,LenderCommitmentTester.getDataForMarket
DA:156,0
FNF:4
FNH:1
LF:4
LH:1
BRF:0
BRH:0
end_of_record
TN:
SF:tests/LenderManager_Override.sol
FN:30,LenderManager_Override.setHasMarketVerification
FNDA:4,LenderManager_Override.setHasMarketVerification
DA:31,4
FN:35,LenderManager_Override._hasMarketVerification
FNDA:5,LenderManager_Override._hasMarketVerification
DA:41,5
FN:45,LenderManager_Override.exists
FNDA:1,LenderManager_Override.exists
DA:50,1
FN:53,LenderManager_Override.mint
FNDA:2,LenderManager_Override.mint
DA:56,2
FN:61,LenderManager_Override._checkOwner
FNDA:1,LenderManager_Override._checkOwner
FNF:5
FNH:5
LF:4
LH:4
BRF:0
BRH:0
end_of_record
TN:
SF:tests/LenderManager_Test.sol
FN:125,LenderManagerUser.transferLoan
FNDA:0,LenderManagerUser.transferLoan
DA:126,0
FN:134,LenderCommitmentTester.__setMarketOwner
FNDA:0,LenderCommitmentTester.__setMarketOwner
DA:135,0
FN:140,LenderCommitmentTester.getSenderForMarket
FNDA:0,LenderCommitmentTester.getSenderForMarket
DA:145,0
FN:148,LenderCommitmentTester.getDataForMarket
FNDA:0,LenderCommitmentTester.getDataForMarket
DA:153,0
FNF:4
FNH:0
LF:4
LH:0
BRF:0
BRH:0
end_of_record
TN:
SF:tests/MarketForwarder_Combined_Test.sol
FN:143,MarketForwarderTester.__setMarketOwner
FNDA:0,MarketForwarderTester.__setMarketOwner
DA:144,0
FN:149,MarketForwarderTester.getSenderForMarket
FNDA:0,MarketForwarderTester.getSenderForMarket
DA:154,0
FN:157,MarketForwarderTester.getDataForMarket
FNDA:0,MarketForwarderTester.getDataForMarket
DA:162,0
FNF:3
FNH:0
LF:3
LH:0
BRF:0
BRH:0
end_of_record
TN:
SF:tests/MarketForwarder_Override.sol
FN:30,MarketForwarder_Override.forwardCall
FNDA:2,MarketForwarder_Override.forwardCall
DA:34,2
FNF:1
FNH:1
LF:1
LH:1
BRF:0
BRH:0
end_of_record
TN:
SF:tests/MarketForwarder_Test.sol
FN:152,MarketForwarderTellerV2Mock.setMarketRegistry
FNDA:0,MarketForwarderTellerV2Mock.setMarketRegistry
DA:153,0
FN:159,MarketForwarderTellerV2Mock.getSenderForMarket
FNDA:1,MarketForwarderTellerV2Mock.getSenderForMarket
DA:164,1
FN:167,MarketForwarderTellerV2Mock.getDataForMarket
FNDA:1,MarketForwarderTellerV2Mock.getDataForMarket
DA:172,1
FNF:3
FNH:2
LF:3
LH:2
BRF:0
BRH:0
end_of_record
TN:
SF:tests/MarketLiquidityRewards_Combined_Test.sol
FN:479,TellerV2Mock.__setMarketOwner
FNDA:0,TellerV2Mock.__setMarketOwner
DA:480,0
FN:485,TellerV2Mock.getSenderForMarket
FNDA:0,TellerV2Mock.getSenderForMarket
DA:490,0
FN:493,TellerV2Mock.getDataForMarket
FNDA:0,TellerV2Mock.getDataForMarket
DA:498,0
FN:501,TellerV2Mock.setMockBid
FNDA:1,TellerV2Mock.setMockBid
DA:502,1
FN:505,TellerV2Mock.getLoanSummary
FNDA:1,TellerV2Mock.getLoanSummary
DA:518,1
DA:520,1
DA:521,1
DA:522,1
DA:523,1
DA:524,1
DA:525,1
DA:526,1
FN:443,MarketLiquidityUser._allocateRewards
FNDA:2,MarketLiquidityUser._allocateRewards
DA:446,2
FN:449,MarketLiquidityUser._increaseAllocationAmount
FNDA:2,MarketLiquidityUser._increaseAllocationAmount
DA:453,2
FN:459,MarketLiquidityUser._deallocateRewards
FNDA:2,MarketLiquidityUser._deallocateRewards
DA:460,2
FN:463,MarketLiquidityUser._claimRewards
FNDA:2,MarketLiquidityUser._claimRewards
DA:464,2
FN:467,MarketLiquidityUser._approveERC20Token
FNDA:4,MarketLiquidityUser._approveERC20Token
DA:470,4
FNF:10
FNH:7
LF:17
LH:14
BRF:0
BRH:0
end_of_record
TN:
SF:tests/MarketLiquidityRewards_Override.sol
FN:52,MarketLiquidityRewards_Override.setAllocation
FNDA:4,MarketLiquidityRewards_Override.setAllocation
DA:54,4
FN:58,MarketLiquidityRewards_Override.setAllocatedAmount
FNDA:1,MarketLiquidityRewards_Override.setAllocatedAmount
DA:60,1
FN:64,MarketLiquidityRewards_Override.getRewardTokenAmount
FNDA:5,MarketLiquidityRewards_Override.getRewardTokenAmount
DA:65,5
FN:68,MarketLiquidityRewards_Override.calculateRewardAmount
FNDA:2,MarketLiquidityRewards_Override.calculateRewardAmount
DA:74,2
FN:83,MarketLiquidityRewards_Override.requiredCollateralAmount
FNDA:1,MarketLiquidityRewards_Override.requiredCollateralAmount
DA:90,1
FN:101,MarketLiquidityRewards_Override.decrementAllocatedAmount
FNDA:1,MarketLiquidityRewards_Override.decrementAllocatedAmount
DA:104,1
FN:107,MarketLiquidityRewards_Override.verifyLoanStartTime
FNDA:2,MarketLiquidityRewards_Override.verifyLoanStartTime
DA:112,2
FN:115,MarketLiquidityRewards_Override.verifyExpectedTokenAddress
FNDA:1,MarketLiquidityRewards_Override.verifyExpectedTokenAddress
DA:119,1
FN:122,MarketLiquidityRewards_Override.verifyAndReturnRewardRecipient
FNDA:2,MarketLiquidityRewards_Override.verifyAndReturnRewardRecipient
DA:128,2
FN:139,MarketLiquidityRewards_Override.allocateRewards
FNDA:1,MarketLiquidityRewards_Override.allocateRewards
DA:142,1
FN:145,MarketLiquidityRewards_Override.increaseAllocationAmount
FNDA:1,MarketLiquidityRewards_Override.increaseAllocationAmount
DA:149,1
FN:152,MarketLiquidityRewards_Override.deallocateRewards
FNDA:1,MarketLiquidityRewards_Override.deallocateRewards
DA:156,1
FN:161,MarketLiquidityRewards_Override._verifyAndReturnRewardRecipient
FNDA:1,MarketLiquidityRewards_Override._verifyAndReturnRewardRecipient
DA:167,1
DA:168,1
FN:171,MarketLiquidityRewards_Override._verifyCollateralAmount
FNDA:1,MarketLiquidityRewards_Override._verifyCollateralAmount
DA:178,1
FN:181,MarketLiquidityRewards_Override._verifyLoanStartTime
FNDA:1,MarketLiquidityRewards_Override._verifyLoanStartTime
DA:186,1
FN:189,MarketLiquidityRewards_Override._verifyExpectedTokenAddress
FNDA:2,MarketLiquidityRewards_Override._verifyExpectedTokenAddress
DA:193,2
FNF:16
FNH:16
LF:17
LH:17
BRF:0
BRH:0
end_of_record
TN:
SF:tests/MarketLiquidityRewards_Test.sol
FN:461,TellerV2Mock.setMarketRegistry
FNDA:0,TellerV2Mock.setMarketRegistry
DA:462,0
FN:467,TellerV2Mock.getSenderForMarket
FNDA:0,TellerV2Mock.getSenderForMarket
DA:472,0
FN:475,TellerV2Mock.getDataForMarket
FNDA:0,TellerV2Mock.getDataForMarket
DA:480,0
FN:483,TellerV2Mock.setMockBid
FNDA:1,TellerV2Mock.setMockBid
DA:484,1
FN:487,TellerV2Mock.getLoanSummary
FNDA:1,TellerV2Mock.getLoanSummary
DA:500,1
DA:502,1
DA:503,1
DA:504,1
DA:505,1
DA:506,1
DA:507,1
DA:508,1
FN:423,MarketLiquidityUser._allocateRewards
FNDA:0,MarketLiquidityUser._allocateRewards
DA:426,0
FN:429,MarketLiquidityUser._increaseAllocationAmount
FNDA:0,MarketLiquidityUser._increaseAllocationAmount
DA:433,0
FN:439,MarketLiquidityUser._deallocateRewards
FNDA:0,MarketLiquidityUser._deallocateRewards
DA:440,0
FN:443,MarketLiquidityUser._claimRewards
FNDA:0,MarketLiquidityUser._claimRewards
DA:444,0
FN:447,MarketLiquidityUser._approveERC20Token
FNDA:0,MarketLiquidityUser._approveERC20Token
DA:450,0
FNF:10
FNH:2
LF:17
LH:9
BRF:0
BRH:0
end_of_record
TN:
SF:tests/MarketRegistry_Override.sol
FN:38,MarketRegistry_Override.stubMarket
FNDA:16,MarketRegistry_Override.stubMarket
DA:41,16
DA:42,16
DA:43,16
DA:44,16
DA:45,16
FN:51,MarketRegistry_Override.setMarketOwner
FNDA:16,MarketRegistry_Override.setMarketOwner
DA:54,16
FN:58,MarketRegistry_Override.attestStakeholder
FNDA:2,MarketRegistry_Override.attestStakeholder
DA:65,2
FN:73,MarketRegistry_Override.revokeStakeholder
FNDA:2,MarketRegistry_Override.revokeStakeholder
DA:78,2
FN:87,MarketRegistry_Override.attestStakeholderVerification
FNDA:3,MarketRegistry_Override.attestStakeholderVerification
DA:93,3
FN:96,MarketRegistry_Override.revokeStakeholderVerification
FNDA:1,MarketRegistry_Override.revokeStakeholderVerification
DA:101,1
FN:104,MarketRegistry_Override.forceVerifyLenderForMarket
FNDA:2,MarketRegistry_Override.forceVerifyLenderForMarket
DA:105,2
FN:107,MarketRegistry_Override.forceVerifyBorrowerForMarket
FNDA:1,MarketRegistry_Override.forceVerifyBorrowerForMarket
DA:108,1
FN:111,MarketRegistry_Override.marketVerifiedLendersContains
FNDA:3,MarketRegistry_Override.marketVerifiedLendersContains
DA:112,3
FN:115,MarketRegistry_Override.marketVerifiedBorrowersContains
FNDA:2,MarketRegistry_Override.marketVerifiedBorrowersContains
DA:116,2
FN:119,MarketRegistry_Override.getLenderAttestationId
FNDA:1,MarketRegistry_Override.getLenderAttestationId
DA:121,1
FN:125,MarketRegistry_Override.getBorrowerAttestationId
FNDA:1,MarketRegistry_Override.getBorrowerAttestationId
DA:127,1
FN:134,MarketRegistry_Override.getMarketOwner
FNDA:1,MarketRegistry_Override.getMarketOwner
DA:136,1
FN:140,MarketRegistry_Override.isVerified
FNDA:3,MarketRegistry_Override.isVerified
DA:145,3
FN:162,MarketRegistry_Override._getMarketOwner
FNDA:63,MarketRegistry_Override._getMarketOwner
DA:163,63
FN:166,MarketRegistry_Override._attestStakeholder
FNDA:2,MarketRegistry_Override._attestStakeholder
DA:173,2
FN:176,MarketRegistry_Override._attestStakeholderVerification
FNDA:1,MarketRegistry_Override._attestStakeholderVerification
DA:183,1
FN:186,MarketRegistry_Override._attestStakeholderViaDelegation
FNDA:2,MarketRegistry_Override._attestStakeholderViaDelegation
DA:196,2
FN:200,MarketRegistry_Override._revokeStakeholder
FNDA:2,MarketRegistry_Override._revokeStakeholder
DA:205,2
FN:209,MarketRegistry_Override._revokeStakeholderVerification
FNDA:3,MarketRegistry_Override._revokeStakeholderVerification
DA:215,3
FN:218,MarketRegistry_Override._isVerified
FNDA:2,MarketRegistry_Override._isVerified
DA:225,2
DA:226,2
FNF:21
FNH:21
LF:26
LH:26
BRF:0
BRH:0
end_of_record
TN:
SF:tests/MarketRegistry_Test.sol
FN:943,TellerV2Mock.setMarketRegistry
FNDA:0,TellerV2Mock.setMarketRegistry
DA:944,0
FN:949,TellerV2Mock.getSenderForMarket
FNDA:0,TellerV2Mock.getSenderForMarket
DA:954,0
FN:957,TellerV2Mock.getDataForMarket
FNDA:0,TellerV2Mock.getDataForMarket
DA:962,0
FN:965,TellerV2Mock.setMockBid
FNDA:0,TellerV2Mock.setMockBid
DA:966,0
FN:969,TellerV2Mock.getLoanSummary
FNDA:0,TellerV2Mock.getLoanSummary
DA:982,0
DA:984,0
DA:985,0
DA:986,0
DA:987,0
DA:988,0
DA:989,0
DA:990,0
FN:888,MarketRegistryUser.closeMarket
FNDA:1,MarketRegistryUser.closeMarket
DA:890,1
FN:895,MarketRegistryUser.lenderExitMarket
FNDA:1,MarketRegistryUser.lenderExitMarket
DA:896,1
FN:899,MarketRegistryUser.borrowerExitMarket
FNDA:1,MarketRegistryUser.borrowerExitMarket
DA:900,1
FN:903,MarketRegistryUser.attestStakeholder
FNDA:1,MarketRegistryUser.attestStakeholder
DA:910,1
FN:918,MarketRegistryUser.revokeStakeholder
FNDA:1,MarketRegistryUser.revokeStakeholder
DA:924,1
FNF:10
FNH:5
LF:17
LH:5
BRF:0
BRH:0
end_of_record
TN:
SF:tests/ProtocolFee_Override.sol
FN:14,ProtocolFee_Override.initialize
FNDA:6,ProtocolFee_Override.initialize
DA:15,5
FN:20,ProtocolFee_Override.protocolFeeInit
FNDA:1,ProtocolFee_Override.protocolFeeInit
DA:22,1
FNF:2
FNH:2
LF:2
LH:2
BRF:0
BRH:0
end_of_record
TN:
SF:tests/TellerV2Autopay_Test.sol
FN:224,User.enableAutoPay
FNDA:2,User.enableAutoPay
DA:225,2
FN:228,User.createMarketWithinRegistry
FNDA:1,User.createMarketWithinRegistry
DA:239,1
FN:253,User.autoPayLoanMinimum
FNDA:1,User.autoPayLoanMinimum
DA:254,1
FN:257,User.submitBid
FNDA:2,User.submitBid
DA:266,2
FN:278,User.initialize
FNDA:0,User.initialize
DA:279,0
FN:282,User.setAutopayFee
FNDA:1,User.setAutopayFee
DA:283,1
FN:286,User.acceptBid
FNDA:1,User.acceptBid
DA:287,1
FN:290,User.depositToWeth
FNDA:2,User.depositToWeth
DA:291,2
FN:294,User.approveWeth
FNDA:2,User.approveWeth
DA:295,2
FNF:9
FNH:8
LF:9
LH:8
BRF:0
BRH:0
end_of_record
TN:
SF:tests/TellerV2Context_Test.sol
FN:72,User.setTrustedMarketForwarder
FNDA:1,User.setTrustedMarketForwarder
DA:75,1
FN:78,User.approveMarketForwarder
FNDA:0,User.approveMarketForwarder
DA:81,0
FN:92,MockMarketRegistry.getMarketOwner
FNDA:1,MockMarketRegistry.getMarketOwner
DA:93,1
FNF:3
FNH:2
LF:3
LH:2
BRF:0
BRH:0
end_of_record
TN:
SF:tests/TellerV2_Test.sol
FN:217,TellerV2User.depositToWeth
FNDA:0,TellerV2User.depositToWeth
DA:218,0
FNF:1
FNH:0
LF:1
LH:0
BRF:0
BRH:0
end_of_record
TN:
SF:tests/Test_Helpers.sol
FN:20,User.addAllowance
FNDA:2,User.addAllowance
DA:25,2
FN:29,User.createMarketSimple
FNDA:2,User.createMarketSimple
DA:41,2
FN:55,User.createMarket
FNDA:3,User.createMarket
DA:67,3
FN:82,User.acceptBid
FNDA:1,User.acceptBid
DA:83,1
FN:86,User.submitBid
FNDA:0,User.submitBid
DA:95,0
FN:107,User.submitCollateralBid
FNDA:1,User.submitCollateralBid
DA:117,1
FN:130,User.repayLoanFull
FNDA:1,User.repayLoanFull
DA:131,1
FN:134,User.setTrustedMarketForwarder
FNDA:6,User.setTrustedMarketForwarder
DA:137,6
FN:143,User.approveMarketForwarder
FNDA:8,User.approveMarketForwarder
DA:146,8
FNF:9
FNH:8
LF:9
LH:8
BRF:0
BRH:0
end_of_record
TN:
SF:tests/resolvers/TestASAttestationResolver.sol
FN:20,TestASAttestationResolver.resolve
FNDA:0,TestASAttestationResolver.resolve
DA:27,0
FN:30,TestASAttestationResolver._toBytes32
FNDA:0,TestASAttestationResolver._toBytes32
DA:35,0
BRDA:35,0,0,-
BRDA:35,0,1,-
DA:36,0
DA:39,0
BRDA:39,1,0,-
BRDA:39,1,1,-
DA:40,0
DA:43,0
DA:47,0
DA:50,0
FNF:2
FNH:0
LF:8
LH:0
BRF:4
BRH:0
end_of_record
TN:
SF:tests/resolvers/TestASAttesterResolver.sol
FN:16,TestASAttesterResolver.resolve
FNDA:0,TestASAttesterResolver.resolve
DA:23,0
FNF:1
FNH:0
LF:1
LH:0
BRF:0
BRH:0
end_of_record
TN:
SF:tests/resolvers/TestASDataResolver.sol
FN:10,TestASDataResolver.resolve
FNDA:0,TestASDataResolver.resolve
DA:18,0
FNF:1
FNH:0
LF:1
LH:0
BRF:0
BRH:0
end_of_record
TN:
SF:tests/resolvers/TestASExpirationTimeResolver.sol
FN:16,TestASExpirationTimeResolver.resolve
FNDA:0,TestASExpirationTimeResolver.resolve
DA:23,0
FNF:1
FNH:0
LF:1
LH:0
BRF:0
BRH:0
end_of_record
TN:
SF:tests/resolvers/TestASPayingResolver.sol
FN:16,TestASPayingResolver.isPayable
FNDA:0,TestASPayingResolver.isPayable
DA:17,0
FN:20,TestASPayingResolver.resolve
FNDA:0,TestASPayingResolver.resolve
DA:27,0
DA:29,0
FNF:2
FNH:0
LF:3
LH:0
BRF:0
BRH:0
end_of_record
TN:
SF:tests/resolvers/TestASRecipientResolver.sol
FN:16,TestASRecipientResolver.resolve
FNDA:0,TestASRecipientResolver.resolve
DA:23,0
FNF:1
FNH:0
LF:1
LH:0
BRF:0
BRH:0
end_of_record
TN:
SF:tests/resolvers/TestASTokenResolver.sol
FN:22,TestASTokenResolver.resolve
FNDA:0,TestASTokenResolver.resolve
DA:29,0
DA:31,0
FNF:1
FNH:0
LF:2
LH:0
BRF:0
BRH:0
end_of_record
TN:
SF:tests/resolvers/TestASValueResolver.sol
FN:16,TestASValueResolver.isPayable
FNDA:0,TestASValueResolver.isPayable
DA:17,0
FN:20,TestASValueResolver.resolve
FNDA:0,TestASValueResolver.resolve
DA:27,0
FNF:2
FNH:0
LF:2
LH:0
BRF:0
BRH:0
end_of_record
TN:
SF:tests/resolvers/TestERC20Token.sol
FN:19,TestERC20Token.decimals
FNDA:36,TestERC20Token.decimals
DA:20,36
FNF:1
FNH:1
LF:1
LH:1
BRF:0
BRH:0
end_of_record
TN:
SF:tests/util/StdChains.sol
FN:72,StdChains.getChain
FNDA:0,StdChains.getChain
DA:77,0
BRDA:77,0,0,-
BRDA:77,0,1,-
DA:82,0
DA:83,0
DA:84,0
BRDA:84,1,0,-
BRDA:84,1,1,-
DA:95,0
FN:98,StdChains.getChain
FNDA:0,StdChains.getChain
DA:103,0
BRDA:103,2,0,-
BRDA:103,2,1,-
DA:107,0
DA:108,0
DA:110,0
DA:112,0
BRDA:112,3,0,-
BRDA:112,3,1,-
DA:123,0
FN:127,StdChains.setChain
FNDA:0,StdChains.setChain
DA:131,0
BRDA:131,4,0,-
BRDA:131,4,1,-
DA:136,0
BRDA:136,5,0,-
BRDA:136,5,1,-
DA:141,0
DA:142,0
DA:144,0
BRDA:144,6,0,-
BRDA:144,6,1,-
DA:158,0
DA:159,0
DA:161,0
DA:167,0
FN:171,StdChains.setChain
FNDA:0,StdChains.setChain
DA:175,0
FN:185,StdChains._toUpper
FNDA:0,StdChains._toUpper
DA:186,0
DA:187,0
DA:188,0
DA:189,0
DA:190,0
BRDA:190,7,0,-
BRDA:190,7,1,-
DA:191,0
DA:193,0
DA:196,0
FN:201,StdChains.getChainWithUpdatedRpcUrl
FNDA:0,StdChains.getChainWithUpdatedRpcUrl
DA:205,0
BRDA:205,8,0,-
BRDA:205,8,1,-
DA:206,0
DA:229,0
FN:232,StdChains.initializeStdChains
FNDA:0,StdChains.initializeStdChains
DA:233,0
BRDA:233,9,0,-
BRDA:233,9,1,-
DA:235,0
DA:238,0
DA:242,0
DA:250,0
DA:258,0
DA:266,0
DA:270,0
DA:274,0
DA:278,0
DA:286,0
DA:290,0
DA:294,0
DA:302,0
DA:310,0
DA:318,0
DA:326,0
DA:334,0
FN:341,StdChains.setChainWithDefaultRpcUrl
FNDA:0,StdChains.setChainWithDefaultRpcUrl
DA:345,0
DA:346,0
DA:347,0
DA:348,0
DA:349,0
FNF:8
FNH:0
LF:55
LH:0
BRF:20
BRH:0
end_of_record
